+ export MPLCONFIGDIR=/scratch-local/bartb.22635675/matplotlib
+ MPLCONFIGDIR=/scratch-local/bartb.22635675/matplotlib
+ export XDG_CACHE_HOME=/scratch-local/bartb.22635675/.cache
+ XDG_CACHE_HOME=/scratch-local/bartb.22635675/.cache
+ mkdir -p /scratch-local/bartb.22635675/matplotlib /scratch-local/bartb.22635675/.cache
+ export RAY_TMPDIR=/scratch-local/bartb.22635675/ray_22635675
+ RAY_TMPDIR=/scratch-local/bartb.22635675/ray_22635675
+ mkdir -p /scratch-local/bartb.22635675/ray_22635675
+ module load 2023
+ '[' -z '' ']'
+ case "$-" in
+ __lmod_sh_dbg=x
+ '[' -n x ']'
+ set +x
Shell debugging temporarily silenced: export LMOD_SH_DBG_ON=1 for Lmod's output
Shell debugging restarted
+ unset __lmod_sh_dbg
+ return 0
+ source /gpfs/home4/bartb/venvs/boids/bin/activate
++ deactivate nondestructive
++ '[' -n '' ']'
++ '[' -n '' ']'
++ '[' -n /bin/bash -o -n '' ']'
++ hash -r
++ '[' -n '' ']'
++ unset VIRTUAL_ENV
++ unset VIRTUAL_ENV_PROMPT
++ '[' '!' nondestructive = nondestructive ']'
++ VIRTUAL_ENV=/home/bartb/venvs/boids
++ export VIRTUAL_ENV
++ _OLD_VIRTUAL_PATH=/home/bartb/.local/bin:/home/bartb/bin:/usr/hpc/bin:/opt/neovim/current/bin:/opt/ear/current/bin:/usr/local/bin:/usr/bin:/usr/local/sbin:/usr/sbin:/opt/mellanox/doca/tools/
++ PATH=/home/bartb/venvs/boids/bin:/home/bartb/.local/bin:/home/bartb/bin:/usr/hpc/bin:/opt/neovim/current/bin:/opt/ear/current/bin:/usr/local/bin:/usr/bin:/usr/local/sbin:/usr/sbin:/opt/mellanox/doca/tools/
++ export PATH
++ '[' -n '' ']'
++ '[' -z '' ']'
++ _OLD_VIRTUAL_PS1=
++ PS1='(boids) '
++ export PS1
++ VIRTUAL_ENV_PROMPT='(boids) '
++ export VIRTUAL_ENV_PROMPT
++ '[' -n /bin/bash -o -n '' ']'
++ hash -r
+ cd /gpfs/home4/bartb/T256/T256-SUBBOX
+ python -c '
import torch, ray
print(f'\''PyTorch {torch.__version__}, CUDA {torch.cuda.is_available()}, {torch.cuda.device_count()} GPUs'\'')
print(f'\''Ray {ray.__version__}'\'')
'
+ python src/train_tune.py --config Configs/overfit_configs.yaml --num_samples 20 --tune_epochs 300 --grace_period 50 --gpus_per_trial 1.0
2026-05-11 11:27:32,747	INFO worker.py:2007 -- Started a local Ray instance.
/home/bartb/venvs/boids/lib/python3.11/site-packages/ray/_private/worker.py:2046: FutureWarning: Tip: In future versions of Ray, Ray will no longer override accelerator visible devices env var if num_gpus=0 or num_gpus=None (default). To enable this behavior and turn off this error message, set RAY_ACCEL_ENV_VAR_OVERRIDE_ON_ZERO=0
  warnings.warn(
[36m(train_one_trial pid=854091)[0m /home/bartb/venvs/boids/lib/python3.11/site-packages/torch/nn/utils/weight_norm.py:143: FutureWarning: `torch.nn.utils.weight_norm` is deprecated in favor of `torch.nn.utils.parametrizations.weight_norm`.
[36m(train_one_trial pid=854091)[0m   WeightNorm.apply(module, name, dim)
2026-05-11 11:27:50,474	ERROR tune_controller.py:1331 -- Trial task failed for trial train_one_trial_a7847_00002
Traceback (most recent call last):
  File "/home/bartb/venvs/boids/lib/python3.11/site-packages/ray/air/execution/_internal/event_manager.py", line 110, in resolve_future
    result = ray.get(future)
             ^^^^^^^^^^^^^^^
  File "/home/bartb/venvs/boids/lib/python3.11/site-packages/ray/_private/auto_init_hook.py", line 22, in auto_init_wrapper
    return fn(*args, **kwargs)
           ^^^^^^^^^^^^^^^^^^^
  File "/home/bartb/venvs/boids/lib/python3.11/site-packages/ray/_private/client_mode_hook.py", line 104, in wrapper
    return func(*args, **kwargs)
           ^^^^^^^^^^^^^^^^^^^^^
  File "/home/bartb/venvs/boids/lib/python3.11/site-packages/ray/_private/worker.py", line 2967, in get
    values, debugger_breakpoint = worker.get_objects(
                                  ^^^^^^^^^^^^^^^^^^^
  File "/home/bartb/venvs/boids/lib/python3.11/site-packages/ray/_private/worker.py", line 1015, in get_objects
    raise value.as_instanceof_cause()
ray.exceptions.RayTaskError(KeyError): [36mray::ImplicitFunc.train()[39m (pid=854093, ip=145.136.62.79, actor_id=7c43cdf3815282a64698226f01000000, repr=train_one_trial)
           ^^^^^^^^^^^^^^^^^^^^^^^^^^^^^^^^^^^^
           ^^^^^^^^^^^^^^^^^^^^^^^^^^^^^^^
  File "/home/bartb/venvs/boids/lib/python3.11/site-packages/ray/tune/trainable/trainable.py", line 331, in train
    raise skipped from exception_cause(skipped)
  File "/home/bartb/venvs/boids/lib/python3.11/site-packages/ray/air/_internal/util.py", line 98, in run
    self._ret = self._target(*self._args, **self._kwargs)
                ^^^^^^^^^^^^^^^^^^^^^^^^^^^^^^^^^^^^^^^^^
  File "/home/bartb/venvs/boids/lib/python3.11/site-packages/ray/tune/trainable/function_trainable.py", line 44, in <lambda>
    training_func=lambda: self._trainable_func(self.config),
                          ^^^^^^^^^^^^^^^^^^^^^^^^^^^^^^^^^
           ^^^^^^^^^^^^^^^^^^^^^^^^^^^^^^^
  File "/home/bartb/venvs/boids/lib/python3.11/site-packages/ray/tune/trainable/function_trainable.py", line 249, in _trainable_func
    output = fn()
             ^^^^
  File "/home/bartb/venvs/boids/lib/python3.11/site-packages/ray/tune/trainable/util.py", line 130, in inner
    return trainable(config, **fn_kwargs)
           ^^^^^^^^^^^^^^^^^^^^^^^^^^^^^^
  File "/gpfs/home4/bartb/T256/T256-SUBBOX/src/train_tune.py", line 124, in train_one_trial
    lr=float(ray_config["initial_lr"]),
             ~~~~~~~~~~^^^^^^^^^^^^^^
KeyError: 'initial_lr'
2026-05-11 11:27:50,478	ERROR tune_controller.py:1331 -- Trial task failed for trial train_one_trial_a7847_00003
Traceback (most recent call last):
  File "/home/bartb/venvs/boids/lib/python3.11/site-packages/ray/air/execution/_internal/event_manager.py", line 110, in resolve_future
    result = ray.get(future)
             ^^^^^^^^^^^^^^^
  File "/home/bartb/venvs/boids/lib/python3.11/site-packages/ray/_private/auto_init_hook.py", line 22, in auto_init_wrapper
    return fn(*args, **kwargs)
           ^^^^^^^^^^^^^^^^^^^
  File "/home/bartb/venvs/boids/lib/python3.11/site-packages/ray/_private/client_mode_hook.py", line 104, in wrapper
    return func(*args, **kwargs)
           ^^^^^^^^^^^^^^^^^^^^^
  File "/home/bartb/venvs/boids/lib/python3.11/site-packages/ray/_private/worker.py", line 2967, in get
    values, debugger_breakpoint = worker.get_objects(
                                  ^^^^^^^^^^^^^^^^^^^
  File "/home/bartb/venvs/boids/lib/python3.11/site-packages/ray/_private/worker.py", line 1015, in get_objects
    raise value.as_instanceof_cause()
ray.exceptions.RayTaskError(KeyError): [36mray::ImplicitFunc.train()[39m (pid=854091, ip=145.136.62.79, actor_id=49128098f1b8deebc00d3da501000000, repr=train_one_trial)
           ^^^^^^^^^^^^^^^^^^^^^^^^^^^^^^^^^^^^
           ^^^^^^^^^^^^^^^^^^^^^^^^^^^^^^^
  File "/home/bartb/venvs/boids/lib/python3.11/site-packages/ray/tune/trainable/trainable.py", line 331, in train
    raise skipped from exception_cause(skipped)
  File "/home/bartb/venvs/boids/lib/python3.11/site-packages/ray/air/_internal/util.py", line 98, in run
    self._ret = self._target(*self._args, **self._kwargs)
                ^^^^^^^^^^^^^^^^^^^^^^^^^^^^^^^^^^^^^^^^^
  File "/home/bartb/venvs/boids/lib/python3.11/site-packages/ray/tune/trainable/function_trainable.py", line 44, in <lambda>
    training_func=lambda: self._trainable_func(self.config),
                          ^^^^^^^^^^^^^^^^^^^^^^^^^^^^^^^^^
           ^^^^^^^^^^^^^^^^^^^^^^^^^^^^^^^
  File "/home/bartb/venvs/boids/lib/python3.11/site-packages/ray/tune/trainable/function_trainable.py", line 249, in _trainable_func
    output = fn()
             ^^^^
  File "/home/bartb/venvs/boids/lib/python3.11/site-packages/ray/tune/trainable/util.py", line 130, in inner
    return trainable(config, **fn_kwargs)
           ^^^^^^^^^^^^^^^^^^^^^^^^^^^^^^
  File "/gpfs/home4/bartb/T256/T256-SUBBOX/src/train_tune.py", line 124, in train_one_trial
    lr=float(ray_config["initial_lr"]),
             ~~~~~~~~~~^^^^^^^^^^^^^^
KeyError: 'initial_lr'
2026-05-11 11:27:50,493	ERROR tune_controller.py:1331 -- Trial task failed for trial train_one_trial_a7847_00001
Traceback (most recent call last):
  File "/home/bartb/venvs/boids/lib/python3.11/site-packages/ray/air/execution/_internal/event_manager.py", line 110, in resolve_future
    result = ray.get(future)
             ^^^^^^^^^^^^^^^
  File "/home/bartb/venvs/boids/lib/python3.11/site-packages/ray/_private/auto_init_hook.py", line 22, in auto_init_wrapper
    return fn(*args, **kwargs)
           ^^^^^^^^^^^^^^^^^^^
  File "/home/bartb/venvs/boids/lib/python3.11/site-packages/ray/_private/client_mode_hook.py", line 104, in wrapper
    return func(*args, **kwargs)
           ^^^^^^^^^^^^^^^^^^^^^
  File "/home/bartb/venvs/boids/lib/python3.11/site-packages/ray/_private/worker.py", line 2967, in get
    values, debugger_breakpoint = worker.get_objects(
                                  ^^^^^^^^^^^^^^^^^^^
  File "/home/bartb/venvs/boids/lib/python3.11/site-packages/ray/_private/worker.py", line 1015, in get_objects
    raise value.as_instanceof_cause()
ray.exceptions.RayTaskError(KeyError): [36mray::ImplicitFunc.train()[39m (pid=854092, ip=145.136.62.79, actor_id=12b3e3a9bba83bcc9fa6322101000000, repr=train_one_trial)
           ^^^^^^^^^^^^^^^^^^^^^^^^^^^^^^^^^^^^
           ^^^^^^^^^^^^^^^^^^^^^^^^^^^^^^^
  File "/home/bartb/venvs/boids/lib/python3.11/site-packages/ray/tune/trainable/trainable.py", line 331, in train
    raise skipped from exception_cause(skipped)
  File "/home/bartb/venvs/boids/lib/python3.11/site-packages/ray/air/_internal/util.py", line 98, in run
    self._ret = self._target(*self._args, **self._kwargs)
                ^^^^^^^^^^^^^^^^^^^^^^^^^^^^^^^^^^^^^^^^^
  File "/home/bartb/venvs/boids/lib/python3.11/site-packages/ray/tune/trainable/function_trainable.py", line 44, in <lambda>
    training_func=lambda: self._trainable_func(self.config),
                          ^^^^^^^^^^^^^^^^^^^^^^^^^^^^^^^^^
           ^^^^^^^^^^^^^^^^^^^^^^^^^^^^^^^
  File "/home/bartb/venvs/boids/lib/python3.11/site-packages/ray/tune/trainable/function_trainable.py", line 249, in _trainable_func
    output = fn()
             ^^^^
  File "/home/bartb/venvs/boids/lib/python3.11/site-packages/ray/tune/trainable/util.py", line 130, in inner
    return trainable(config, **fn_kwargs)
           ^^^^^^^^^^^^^^^^^^^^^^^^^^^^^^
  File "/gpfs/home4/bartb/T256/T256-SUBBOX/src/train_tune.py", line 124, in train_one_trial
    lr=float(ray_config["initial_lr"]),
             ~~~~~~~~~~^^^^^^^^^^^^^^
KeyError: 'initial_lr'
2026-05-11 11:27:50,500	ERROR tune_controller.py:1331 -- Trial task failed for trial train_one_trial_a7847_00000
Traceback (most recent call last):
  File "/home/bartb/venvs/boids/lib/python3.11/site-packages/ray/air/execution/_internal/event_manager.py", line 110, in resolve_future
    result = ray.get(future)
             ^^^^^^^^^^^^^^^
  File "/home/bartb/venvs/boids/lib/python3.11/site-packages/ray/_private/auto_init_hook.py", line 22, in auto_init_wrapper
    return fn(*args, **kwargs)
           ^^^^^^^^^^^^^^^^^^^
  File "/home/bartb/venvs/boids/lib/python3.11/site-packages/ray/_private/client_mode_hook.py", line 104, in wrapper
    return func(*args, **kwargs)
           ^^^^^^^^^^^^^^^^^^^^^
  File "/home/bartb/venvs/boids/lib/python3.11/site-packages/ray/_private/worker.py", line 2967, in get
    values, debugger_breakpoint = worker.get_objects(
                                  ^^^^^^^^^^^^^^^^^^^
  File "/home/bartb/venvs/boids/lib/python3.11/site-packages/ray/_private/worker.py", line 1015, in get_objects
    raise value.as_instanceof_cause()
ray.exceptions.RayTaskError(KeyError): [36mray::ImplicitFunc.train()[39m (pid=854090, ip=145.136.62.79, actor_id=5c779205110096ddddc6530701000000, repr=train_one_trial)
           ^^^^^^^^^^^^^^^^^^^^^^^^^^^^^^^^^^^^
           ^^^^^^^^^^^^^^^^^^^^^^^^^^^^^^^
  File "/home/bartb/venvs/boids/lib/python3.11/site-packages/ray/tune/trainable/trainable.py", line 331, in train
    raise skipped from exception_cause(skipped)
  File "/home/bartb/venvs/boids/lib/python3.11/site-packages/ray/air/_internal/util.py", line 98, in run
    self._ret = self._target(*self._args, **self._kwargs)
                ^^^^^^^^^^^^^^^^^^^^^^^^^^^^^^^^^^^^^^^^^
  File "/home/bartb/venvs/boids/lib/python3.11/site-packages/ray/tune/trainable/function_trainable.py", line 44, in <lambda>
    training_func=lambda: self._trainable_func(self.config),
                          ^^^^^^^^^^^^^^^^^^^^^^^^^^^^^^^^^
           ^^^^^^^^^^^^^^^^^^^^^^^^^^^^^^^
  File "/home/bartb/venvs/boids/lib/python3.11/site-packages/ray/tune/trainable/function_trainable.py", line 249, in _trainable_func
    output = fn()
             ^^^^
  File "/home/bartb/venvs/boids/lib/python3.11/site-packages/ray/tune/trainable/util.py", line 130, in inner
    return trainable(config, **fn_kwargs)
           ^^^^^^^^^^^^^^^^^^^^^^^^^^^^^^
  File "/gpfs/home4/bartb/T256/T256-SUBBOX/src/train_tune.py", line 124, in train_one_trial
    lr=float(ray_config["initial_lr"]),
             ~~~~~~~~~~^^^^^^^^^^^^^^
KeyError: 'initial_lr'
2026-05-11 11:27:59,172	ERROR tune_controller.py:1331 -- Trial task failed for trial train_one_trial_a7847_00004
Traceback (most recent call last):
  File "/home/bartb/venvs/boids/lib/python3.11/site-packages/ray/air/execution/_internal/event_manager.py", line 110, in resolve_future
    result = ray.get(future)
             ^^^^^^^^^^^^^^^
  File "/home/bartb/venvs/boids/lib/python3.11/site-packages/ray/_private/auto_init_hook.py", line 22, in auto_init_wrapper
    return fn(*args, **kwargs)
           ^^^^^^^^^^^^^^^^^^^
  File "/home/bartb/venvs/boids/lib/python3.11/site-packages/ray/_private/client_mode_hook.py", line 104, in wrapper
    return func(*args, **kwargs)
           ^^^^^^^^^^^^^^^^^^^^^
  File "/home/bartb/venvs/boids/lib/python3.11/site-packages/ray/_private/worker.py", line 2967, in get
    values, debugger_breakpoint = worker.get_objects(
                                  ^^^^^^^^^^^^^^^^^^^
  File "/home/bartb/venvs/boids/lib/python3.11/site-packages/ray/_private/worker.py", line 1015, in get_objects
    raise value.as_instanceof_cause()
ray.exceptions.RayTaskError(KeyError): [36mray::ImplicitFunc.train()[39m (pid=854704, ip=145.136.62.79, actor_id=d45634193596819cfbc2e72101000000, repr=train_one_trial)
           ^^^^^^^^^^^^^^^^^^^^^^^^^^^^^^^^^^^^
           ^^^^^^^^^^^^^^^^^^^^^^^^^^^^^^^
  File "/home/bartb/venvs/boids/lib/python3.11/site-packages/ray/tune/trainable/trainable.py", line 331, in train
    raise skipped from exception_cause(skipped)
  File "/home/bartb/venvs/boids/lib/python3.11/site-packages/ray/air/_internal/util.py", line 98, in run
    self._ret = self._target(*self._args, **self._kwargs)
                ^^^^^^^^^^^^^^^^^^^^^^^^^^^^^^^^^^^^^^^^^
  File "/home/bartb/venvs/boids/lib/python3.11/site-packages/ray/tune/trainable/function_trainable.py", line 44, in <lambda>
    training_func=lambda: self._trainable_func(self.config),
                          ^^^^^^^^^^^^^^^^^^^^^^^^^^^^^^^^^
           ^^^^^^^^^^^^^^^^^^^^^^^^^^^^^^^
  File "/home/bartb/venvs/boids/lib/python3.11/site-packages/ray/tune/trainable/function_trainable.py", line 249, in _trainable_func
    output = fn()
             ^^^^
  File "/home/bartb/venvs/boids/lib/python3.11/site-packages/ray/tune/trainable/util.py", line 130, in inner
    return trainable(config, **fn_kwargs)
           ^^^^^^^^^^^^^^^^^^^^^^^^^^^^^^
  File "/gpfs/home4/bartb/T256/T256-SUBBOX/src/train_tune.py", line 124, in train_one_trial
    lr=float(ray_config["initial_lr"]),
             ~~~~~~~~~~^^^^^^^^^^^^^^
KeyError: 'initial_lr'
[36m(pid=gcs_server)[0m [2026-05-11 11:27:59,832 E 850082 850082] (gcs_server) gcs_server.cc:303: Failed to establish connection to the event+metrics exporter agent. Events and metrics will not be exported. Exporter agent status: RpcError: Running out of retries to initialize the metrics agent. rpc_code: 14
[36m(train_one_trial pid=854093)[0m /home/bartb/venvs/boids/lib/python3.11/site-packages/torch/nn/utils/weight_norm.py:143: FutureWarning: `torch.nn.utils.weight_norm` is deprecated in favor of `torch.nn.utils.parametrizations.weight_norm`.
[36m(train_one_trial pid=854093)[0m   WeightNorm.apply(module, name, dim)
[36m(train_one_trial pid=854707)[0m /home/bartb/venvs/boids/lib/python3.11/site-packages/torch/nn/utils/weight_norm.py:143: FutureWarning: `torch.nn.utils.weight_norm` is deprecated in favor of `torch.nn.utils.parametrizations.weight_norm`.
[36m(train_one_trial pid=854707)[0m   WeightNorm.apply(module, name, dim)
2026-05-11 11:28:01,179	ERROR tune_controller.py:1331 -- Trial task failed for trial train_one_trial_a7847_00005
Traceback (most recent call last):
  File "/home/bartb/venvs/boids/lib/python3.11/site-packages/ray/air/execution/_internal/event_manager.py", line 110, in resolve_future
    result = ray.get(future)
             ^^^^^^^^^^^^^^^
  File "/home/bartb/venvs/boids/lib/python3.11/site-packages/ray/_private/auto_init_hook.py", line 22, in auto_init_wrapper
    return fn(*args, **kwargs)
           ^^^^^^^^^^^^^^^^^^^
  File "/home/bartb/venvs/boids/lib/python3.11/site-packages/ray/_private/client_mode_hook.py", line 104, in wrapper
    return func(*args, **kwargs)
           ^^^^^^^^^^^^^^^^^^^^^
  File "/home/bartb/venvs/boids/lib/python3.11/site-packages/ray/_private/worker.py", line 2967, in get
    values, debugger_breakpoint = worker.get_objects(
                                  ^^^^^^^^^^^^^^^^^^^
  File "/home/bartb/venvs/boids/lib/python3.11/site-packages/ray/_private/worker.py", line 1015, in get_objects
    raise value.as_instanceof_cause()
ray.exceptions.RayTaskError(KeyError): [36mray::ImplicitFunc.train()[39m (pid=854707, ip=145.136.62.79, actor_id=44c1e1ecb451fb32967f393a01000000, repr=train_one_trial)
           ^^^^^^^^^^^^^^^^^^^^^^^^^^^^^^^^^^^^
           ^^^^^^^^^^^^^^^^^^^^^^^^^^^^^^^
  File "/home/bartb/venvs/boids/lib/python3.11/site-packages/ray/tune/trainable/trainable.py", line 331, in train
    raise skipped from exception_cause(skipped)
  File "/home/bartb/venvs/boids/lib/python3.11/site-packages/ray/air/_internal/util.py", line 98, in run
    self._ret = self._target(*self._args, **self._kwargs)
                ^^^^^^^^^^^^^^^^^^^^^^^^^^^^^^^^^^^^^^^^^
  File "/home/bartb/venvs/boids/lib/python3.11/site-packages/ray/tune/trainable/function_trainable.py", line 44, in <lambda>
    training_func=lambda: self._trainable_func(self.config),
                          ^^^^^^^^^^^^^^^^^^^^^^^^^^^^^^^^^
           ^^^^^^^^^^^^^^^^^^^^^^^^^^^^^^^
  File "/home/bartb/venvs/boids/lib/python3.11/site-packages/ray/tune/trainable/function_trainable.py", line 249, in _trainable_func
    output = fn()
             ^^^^
  File "/home/bartb/venvs/boids/lib/python3.11/site-packages/ray/tune/trainable/util.py", line 130, in inner
    return trainable(config, **fn_kwargs)
           ^^^^^^^^^^^^^^^^^^^^^^^^^^^^^^
  File "/gpfs/home4/bartb/T256/T256-SUBBOX/src/train_tune.py", line 124, in train_one_trial
    lr=float(ray_config["initial_lr"]),
             ~~~~~~~~~~^^^^^^^^^^^^^^
KeyError: 'initial_lr'
2026-05-11 11:28:01,182	ERROR tune_controller.py:1331 -- Trial task failed for trial train_one_trial_a7847_00006
Traceback (most recent call last):
  File "/home/bartb/venvs/boids/lib/python3.11/site-packages/ray/air/execution/_internal/event_manager.py", line 110, in resolve_future
    result = ray.get(future)
             ^^^^^^^^^^^^^^^
  File "/home/bartb/venvs/boids/lib/python3.11/site-packages/ray/_private/auto_init_hook.py", line 22, in auto_init_wrapper
    return fn(*args, **kwargs)
           ^^^^^^^^^^^^^^^^^^^
  File "/home/bartb/venvs/boids/lib/python3.11/site-packages/ray/_private/client_mode_hook.py", line 104, in wrapper
    return func(*args, **kwargs)
           ^^^^^^^^^^^^^^^^^^^^^
  File "/home/bartb/venvs/boids/lib/python3.11/site-packages/ray/_private/worker.py", line 2967, in get
    values, debugger_breakpoint = worker.get_objects(
                                  ^^^^^^^^^^^^^^^^^^^
  File "/home/bartb/venvs/boids/lib/python3.11/site-packages/ray/_private/worker.py", line 1015, in get_objects
    raise value.as_instanceof_cause()
ray.exceptions.RayTaskError(KeyError): [36mray::ImplicitFunc.train()[39m (pid=854705, ip=145.136.62.79, actor_id=bd5c4f7417f9ef1ea3df675101000000, repr=train_one_trial)
           ^^^^^^^^^^^^^^^^^^^^^^^^^^^^^^^^^^^^
           ^^^^^^^^^^^^^^^^^^^^^^^^^^^^^^^
  File "/home/bartb/venvs/boids/lib/python3.11/site-packages/ray/tune/trainable/trainable.py", line 331, in train
    raise skipped from exception_cause(skipped)
  File "/home/bartb/venvs/boids/lib/python3.11/site-packages/ray/air/_internal/util.py", line 98, in run
    self._ret = self._target(*self._args, **self._kwargs)
                ^^^^^^^^^^^^^^^^^^^^^^^^^^^^^^^^^^^^^^^^^
  File "/home/bartb/venvs/boids/lib/python3.11/site-packages/ray/tune/trainable/function_trainable.py", line 44, in <lambda>
    training_func=lambda: self._trainable_func(self.config),
                          ^^^^^^^^^^^^^^^^^^^^^^^^^^^^^^^^^
           ^^^^^^^^^^^^^^^^^^^^^^^^^^^^^^^
  File "/home/bartb/venvs/boids/lib/python3.11/site-packages/ray/tune/trainable/function_trainable.py", line 249, in _trainable_func
    output = fn()
             ^^^^
  File "/home/bartb/venvs/boids/lib/python3.11/site-packages/ray/tune/trainable/util.py", line 130, in inner
    return trainable(config, **fn_kwargs)
           ^^^^^^^^^^^^^^^^^^^^^^^^^^^^^^
  File "/gpfs/home4/bartb/T256/T256-SUBBOX/src/train_tune.py", line 124, in train_one_trial
    lr=float(ray_config["initial_lr"]),
             ~~~~~~~~~~^^^^^^^^^^^^^^
KeyError: 'initial_lr'
2026-05-11 11:28:01,209	ERROR tune_controller.py:1331 -- Trial task failed for trial train_one_trial_a7847_00007
Traceback (most recent call last):
  File "/home/bartb/venvs/boids/lib/python3.11/site-packages/ray/air/execution/_internal/event_manager.py", line 110, in resolve_future
    result = ray.get(future)
             ^^^^^^^^^^^^^^^
  File "/home/bartb/venvs/boids/lib/python3.11/site-packages/ray/_private/auto_init_hook.py", line 22, in auto_init_wrapper
    return fn(*args, **kwargs)
           ^^^^^^^^^^^^^^^^^^^
  File "/home/bartb/venvs/boids/lib/python3.11/site-packages/ray/_private/client_mode_hook.py", line 104, in wrapper
    return func(*args, **kwargs)
           ^^^^^^^^^^^^^^^^^^^^^
  File "/home/bartb/venvs/boids/lib/python3.11/site-packages/ray/_private/worker.py", line 2967, in get
    values, debugger_breakpoint = worker.get_objects(
                                  ^^^^^^^^^^^^^^^^^^^
  File "/home/bartb/venvs/boids/lib/python3.11/site-packages/ray/_private/worker.py", line 1015, in get_objects
    raise value.as_instanceof_cause()
ray.exceptions.RayTaskError(KeyError): [36mray::ImplicitFunc.train()[39m (pid=854706, ip=145.136.62.79, actor_id=8a8961741df3c97dabd6ea0d01000000, repr=train_one_trial)
           ^^^^^^^^^^^^^^^^^^^^^^^^^^^^^^^^^^^^
           ^^^^^^^^^^^^^^^^^^^^^^^^^^^^^^^
  File "/home/bartb/venvs/boids/lib/python3.11/site-packages/ray/tune/trainable/trainable.py", line 331, in train
    raise skipped from exception_cause(skipped)
  File "/home/bartb/venvs/boids/lib/python3.11/site-packages/ray/air/_internal/util.py", line 98, in run
    self._ret = self._target(*self._args, **self._kwargs)
                ^^^^^^^^^^^^^^^^^^^^^^^^^^^^^^^^^^^^^^^^^
  File "/home/bartb/venvs/boids/lib/python3.11/site-packages/ray/tune/trainable/function_trainable.py", line 44, in <lambda>
    training_func=lambda: self._trainable_func(self.config),
                          ^^^^^^^^^^^^^^^^^^^^^^^^^^^^^^^^^
           ^^^^^^^^^^^^^^^^^^^^^^^^^^^^^^^
  File "/home/bartb/venvs/boids/lib/python3.11/site-packages/ray/tune/trainable/function_trainable.py", line 249, in _trainable_func
    output = fn()
             ^^^^
  File "/home/bartb/venvs/boids/lib/python3.11/site-packages/ray/tune/trainable/util.py", line 130, in inner
    return trainable(config, **fn_kwargs)
           ^^^^^^^^^^^^^^^^^^^^^^^^^^^^^^
  File "/gpfs/home4/bartb/T256/T256-SUBBOX/src/train_tune.py", line 124, in train_one_trial
    lr=float(ray_config["initial_lr"]),
             ~~~~~~~~~~^^^^^^^^^^^^^^
KeyError: 'initial_lr'
[33m(raylet)[0m [2026-05-11 11:28:02,701 E 850275 850275] (raylet) main.cc:1032: Failed to establish connection to the metrics exporter agent. Metrics will not be exported. Exporter agent status: RpcError: Running out of retries to initialize the metrics agent. rpc_code: 14
2026-05-11 11:28:08,033	ERROR tune_controller.py:1331 -- Trial task failed for trial train_one_trial_a7847_00008
Traceback (most recent call last):
  File "/home/bartb/venvs/boids/lib/python3.11/site-packages/ray/air/execution/_internal/event_manager.py", line 110, in resolve_future
    result = ray.get(future)
             ^^^^^^^^^^^^^^^
  File "/home/bartb/venvs/boids/lib/python3.11/site-packages/ray/_private/auto_init_hook.py", line 22, in auto_init_wrapper
    return fn(*args, **kwargs)
           ^^^^^^^^^^^^^^^^^^^
  File "/home/bartb/venvs/boids/lib/python3.11/site-packages/ray/_private/client_mode_hook.py", line 104, in wrapper
    return func(*args, **kwargs)
           ^^^^^^^^^^^^^^^^^^^^^
  File "/home/bartb/venvs/boids/lib/python3.11/site-packages/ray/_private/worker.py", line 2967, in get
    values, debugger_breakpoint = worker.get_objects(
                                  ^^^^^^^^^^^^^^^^^^^
  File "/home/bartb/venvs/boids/lib/python3.11/site-packages/ray/_private/worker.py", line 1015, in get_objects
    raise value.as_instanceof_cause()
ray.exceptions.RayTaskError(KeyError): [36mray::ImplicitFunc.train()[39m (pid=855164, ip=145.136.62.79, actor_id=21f644863322e88ed9fa4fa801000000, repr=train_one_trial)
           ^^^^^^^^^^^^^^^^^^^^^^^^^^^^^^^^^^^^
           ^^^^^^^^^^^^^^^^^^^^^^^^^^^^^^^
  File "/home/bartb/venvs/boids/lib/python3.11/site-packages/ray/tune/trainable/trainable.py", line 331, in train
    raise skipped from exception_cause(skipped)
  File "/home/bartb/venvs/boids/lib/python3.11/site-packages/ray/air/_internal/util.py", line 98, in run
    self._ret = self._target(*self._args, **self._kwargs)
                ^^^^^^^^^^^^^^^^^^^^^^^^^^^^^^^^^^^^^^^^^
  File "/home/bartb/venvs/boids/lib/python3.11/site-packages/ray/tune/trainable/function_trainable.py", line 44, in <lambda>
    training_func=lambda: self._trainable_func(self.config),
                          ^^^^^^^^^^^^^^^^^^^^^^^^^^^^^^^^^
           ^^^^^^^^^^^^^^^^^^^^^^^^^^^^^^^
  File "/home/bartb/venvs/boids/lib/python3.11/site-packages/ray/tune/trainable/function_trainable.py", line 249, in _trainable_func
    output = fn()
             ^^^^
  File "/home/bartb/venvs/boids/lib/python3.11/site-packages/ray/tune/trainable/util.py", line 130, in inner
    return trainable(config, **fn_kwargs)
           ^^^^^^^^^^^^^^^^^^^^^^^^^^^^^^
  File "/gpfs/home4/bartb/T256/T256-SUBBOX/src/train_tune.py", line 124, in train_one_trial
    lr=float(ray_config["initial_lr"]),
             ~~~~~~~~~~^^^^^^^^^^^^^^
KeyError: 'initial_lr'
[36m(bundle_reservation_check_func pid=850381)[0m [2026-05-11 11:28:08,010 E 850381 850568] core_worker_process.cc:842: Failed to establish connection to the metrics exporter agent. Metrics will not be exported. Exporter agent status: RpcError: Running out of retries to initialize the metrics agent. rpc_code: 14
[2026-05-11 11:28:09,479 E 850016 850370] core_worker_process.cc:842: Failed to establish connection to the metrics exporter agent. Metrics will not be exported. Exporter agent status: RpcError: Running out of retries to initialize the metrics agent. rpc_code: 14
[36m(train_one_trial pid=855201)[0m /home/bartb/venvs/boids/lib/python3.11/site-packages/torch/nn/utils/weight_norm.py:143: FutureWarning: `torch.nn.utils.weight_norm` is deprecated in favor of `torch.nn.utils.parametrizations.weight_norm`.
[36m(train_one_trial pid=855201)[0m   WeightNorm.apply(module, name, dim)
2026-05-11 11:28:10,381	ERROR tune_controller.py:1331 -- Trial task failed for trial train_one_trial_a7847_00010
Traceback (most recent call last):
  File "/home/bartb/venvs/boids/lib/python3.11/site-packages/ray/air/execution/_internal/event_manager.py", line 110, in resolve_future
    result = ray.get(future)
             ^^^^^^^^^^^^^^^
  File "/home/bartb/venvs/boids/lib/python3.11/site-packages/ray/_private/auto_init_hook.py", line 22, in auto_init_wrapper
    return fn(*args, **kwargs)
           ^^^^^^^^^^^^^^^^^^^
  File "/home/bartb/venvs/boids/lib/python3.11/site-packages/ray/_private/client_mode_hook.py", line 104, in wrapper
    return func(*args, **kwargs)
           ^^^^^^^^^^^^^^^^^^^^^
  File "/home/bartb/venvs/boids/lib/python3.11/site-packages/ray/_private/worker.py", line 2967, in get
    values, debugger_breakpoint = worker.get_objects(
                                  ^^^^^^^^^^^^^^^^^^^
  File "/home/bartb/venvs/boids/lib/python3.11/site-packages/ray/_private/worker.py", line 1015, in get_objects
    raise value.as_instanceof_cause()
ray.exceptions.RayTaskError(KeyError): [36mray::ImplicitFunc.train()[39m (pid=855200, ip=145.136.62.79, actor_id=31a51f75f7ff3ee95ca61e4a01000000, repr=train_one_trial)
           ^^^^^^^^^^^^^^^^^^^^^^^^^^^^^^^^^^^^
           ^^^^^^^^^^^^^^^^^^^^^^^^^^^^^^^
  File "/home/bartb/venvs/boids/lib/python3.11/site-packages/ray/tune/trainable/trainable.py", line 331, in train
    raise skipped from exception_cause(skipped)
  File "/home/bartb/venvs/boids/lib/python3.11/site-packages/ray/air/_internal/util.py", line 98, in run
    self._ret = self._target(*self._args, **self._kwargs)
                ^^^^^^^^^^^^^^^^^^^^^^^^^^^^^^^^^^^^^^^^^
  File "/home/bartb/venvs/boids/lib/python3.11/site-packages/ray/tune/trainable/function_trainable.py", line 44, in <lambda>
    training_func=lambda: self._trainable_func(self.config),
                          ^^^^^^^^^^^^^^^^^^^^^^^^^^^^^^^^^
           ^^^^^^^^^^^^^^^^^^^^^^^^^^^^^^^
  File "/home/bartb/venvs/boids/lib/python3.11/site-packages/ray/tune/trainable/function_trainable.py", line 249, in _trainable_func
    output = fn()
             ^^^^
  File "/home/bartb/venvs/boids/lib/python3.11/site-packages/ray/tune/trainable/util.py", line 130, in inner
    return trainable(config, **fn_kwargs)
           ^^^^^^^^^^^^^^^^^^^^^^^^^^^^^^
  File "/gpfs/home4/bartb/T256/T256-SUBBOX/src/train_tune.py", line 124, in train_one_trial
    lr=float(ray_config["initial_lr"]),
             ~~~~~~~~~~^^^^^^^^^^^^^^
KeyError: 'initial_lr'
2026-05-11 11:28:10,652	ERROR tune_controller.py:1331 -- Trial task failed for trial train_one_trial_a7847_00011
Traceback (most recent call last):
  File "/home/bartb/venvs/boids/lib/python3.11/site-packages/ray/air/execution/_internal/event_manager.py", line 110, in resolve_future
    result = ray.get(future)
             ^^^^^^^^^^^^^^^
  File "/home/bartb/venvs/boids/lib/python3.11/site-packages/ray/_private/auto_init_hook.py", line 22, in auto_init_wrapper
    return fn(*args, **kwargs)
           ^^^^^^^^^^^^^^^^^^^
  File "/home/bartb/venvs/boids/lib/python3.11/site-packages/ray/_private/client_mode_hook.py", line 104, in wrapper
    return func(*args, **kwargs)
           ^^^^^^^^^^^^^^^^^^^^^
  File "/home/bartb/venvs/boids/lib/python3.11/site-packages/ray/_private/worker.py", line 2967, in get
    values, debugger_breakpoint = worker.get_objects(
                                  ^^^^^^^^^^^^^^^^^^^
  File "/home/bartb/venvs/boids/lib/python3.11/site-packages/ray/_private/worker.py", line 1015, in get_objects
    raise value.as_instanceof_cause()
ray.exceptions.RayTaskError(KeyError): [36mray::ImplicitFunc.train()[39m (pid=855201, ip=145.136.62.79, actor_id=52d4db365520024d0993681301000000, repr=train_one_trial)
           ^^^^^^^^^^^^^^^^^^^^^^^^^^^^^^^^^^^^
           ^^^^^^^^^^^^^^^^^^^^^^^^^^^^^^^
  File "/home/bartb/venvs/boids/lib/python3.11/site-packages/ray/tune/trainable/trainable.py", line 331, in train
    raise skipped from exception_cause(skipped)
  File "/home/bartb/venvs/boids/lib/python3.11/site-packages/ray/air/_internal/util.py", line 98, in run
    self._ret = self._target(*self._args, **self._kwargs)
                ^^^^^^^^^^^^^^^^^^^^^^^^^^^^^^^^^^^^^^^^^
  File "/home/bartb/venvs/boids/lib/python3.11/site-packages/ray/tune/trainable/function_trainable.py", line 44, in <lambda>
    training_func=lambda: self._trainable_func(self.config),
                          ^^^^^^^^^^^^^^^^^^^^^^^^^^^^^^^^^
           ^^^^^^^^^^^^^^^^^^^^^^^^^^^^^^^
  File "/home/bartb/venvs/boids/lib/python3.11/site-packages/ray/tune/trainable/function_trainable.py", line 249, in _trainable_func
    output = fn()
             ^^^^
  File "/home/bartb/venvs/boids/lib/python3.11/site-packages/ray/tune/trainable/util.py", line 130, in inner
    return trainable(config, **fn_kwargs)
           ^^^^^^^^^^^^^^^^^^^^^^^^^^^^^^
  File "/gpfs/home4/bartb/T256/T256-SUBBOX/src/train_tune.py", line 124, in train_one_trial
    lr=float(ray_config["initial_lr"]),
             ~~~~~~~~~~^^^^^^^^^^^^^^
KeyError: 'initial_lr'
2026-05-11 11:28:10,684	ERROR tune_controller.py:1331 -- Trial task failed for trial train_one_trial_a7847_00009
Traceback (most recent call last):
  File "/home/bartb/venvs/boids/lib/python3.11/site-packages/ray/air/execution/_internal/event_manager.py", line 110, in resolve_future
    result = ray.get(future)
             ^^^^^^^^^^^^^^^
  File "/home/bartb/venvs/boids/lib/python3.11/site-packages/ray/_private/auto_init_hook.py", line 22, in auto_init_wrapper
    return fn(*args, **kwargs)
           ^^^^^^^^^^^^^^^^^^^
  File "/home/bartb/venvs/boids/lib/python3.11/site-packages/ray/_private/client_mode_hook.py", line 104, in wrapper
    return func(*args, **kwargs)
           ^^^^^^^^^^^^^^^^^^^^^
  File "/home/bartb/venvs/boids/lib/python3.11/site-packages/ray/_private/worker.py", line 2967, in get
    values, debugger_breakpoint = worker.get_objects(
                                  ^^^^^^^^^^^^^^^^^^^
  File "/home/bartb/venvs/boids/lib/python3.11/site-packages/ray/_private/worker.py", line 1015, in get_objects
    raise value.as_instanceof_cause()
ray.exceptions.RayTaskError(KeyError): [36mray::ImplicitFunc.train()[39m (pid=855202, ip=145.136.62.79, actor_id=b901434b4376bf64aea6ea1001000000, repr=train_one_trial)
           ^^^^^^^^^^^^^^^^^^^^^^^^^^^^^^^^^^^^
           ^^^^^^^^^^^^^^^^^^^^^^^^^^^^^^^
  File "/home/bartb/venvs/boids/lib/python3.11/site-packages/ray/tune/trainable/trainable.py", line 331, in train
    raise skipped from exception_cause(skipped)
  File "/home/bartb/venvs/boids/lib/python3.11/site-packages/ray/air/_internal/util.py", line 98, in run
    self._ret = self._target(*self._args, **self._kwargs)
                ^^^^^^^^^^^^^^^^^^^^^^^^^^^^^^^^^^^^^^^^^
  File "/home/bartb/venvs/boids/lib/python3.11/site-packages/ray/tune/trainable/function_trainable.py", line 44, in <lambda>
    training_func=lambda: self._trainable_func(self.config),
                          ^^^^^^^^^^^^^^^^^^^^^^^^^^^^^^^^^
           ^^^^^^^^^^^^^^^^^^^^^^^^^^^^^^^
  File "/home/bartb/venvs/boids/lib/python3.11/site-packages/ray/tune/trainable/function_trainable.py", line 249, in _trainable_func
    output = fn()
             ^^^^
  File "/home/bartb/venvs/boids/lib/python3.11/site-packages/ray/tune/trainable/util.py", line 130, in inner
    return trainable(config, **fn_kwargs)
           ^^^^^^^^^^^^^^^^^^^^^^^^^^^^^^
  File "/gpfs/home4/bartb/T256/T256-SUBBOX/src/train_tune.py", line 124, in train_one_trial
    lr=float(ray_config["initial_lr"]),
             ~~~~~~~~~~^^^^^^^^^^^^^^
KeyError: 'initial_lr'
[2026-05-11T11:28:13.366] error: *** JOB 22635675 ON gcn79 CANCELLED AT 2026-05-11T11:28:13 DUE to SIGNAL Terminated ***
