+ export MPLCONFIGDIR=/scratch-local/bartb.22635650/matplotlib
+ MPLCONFIGDIR=/scratch-local/bartb.22635650/matplotlib
+ export XDG_CACHE_HOME=/scratch-local/bartb.22635650/.cache
+ XDG_CACHE_HOME=/scratch-local/bartb.22635650/.cache
+ mkdir -p /scratch-local/bartb.22635650/matplotlib /scratch-local/bartb.22635650/.cache
+ export RAY_TMPDIR=/scratch-local/bartb.22635650/ray_22635650
+ RAY_TMPDIR=/scratch-local/bartb.22635650/ray_22635650
+ mkdir -p /scratch-local/bartb.22635650/ray_22635650
+ module load 2023
+ '[' -z '' ']'
+ case "$-" in
+ __lmod_sh_dbg=x
+ '[' -n x ']'
+ set +x
Shell debugging temporarily silenced: export LMOD_SH_DBG_ON=1 for Lmod's output
Shell debugging restarted
+ unset __lmod_sh_dbg
+ return 0
+ source /gpfs/home4/bartb/venvs/boids/bin/activate
++ deactivate nondestructive
++ '[' -n '' ']'
++ '[' -n '' ']'
++ '[' -n /bin/bash -o -n '' ']'
++ hash -r
++ '[' -n '' ']'
++ unset VIRTUAL_ENV
++ unset VIRTUAL_ENV_PROMPT
++ '[' '!' nondestructive = nondestructive ']'
++ VIRTUAL_ENV=/home/bartb/venvs/boids
++ export VIRTUAL_ENV
++ _OLD_VIRTUAL_PATH=/home/bartb/.local/bin:/home/bartb/bin:/usr/hpc/bin:/opt/neovim/current/bin:/opt/ear/current/bin:/usr/local/bin:/usr/bin:/usr/local/sbin:/usr/sbin:/opt/mellanox/doca/tools/
++ PATH=/home/bartb/venvs/boids/bin:/home/bartb/.local/bin:/home/bartb/bin:/usr/hpc/bin:/opt/neovim/current/bin:/opt/ear/current/bin:/usr/local/bin:/usr/bin:/usr/local/sbin:/usr/sbin:/opt/mellanox/doca/tools/
++ export PATH
++ '[' -n '' ']'
++ '[' -z '' ']'
++ _OLD_VIRTUAL_PS1=
++ PS1='(boids) '
++ export PS1
++ VIRTUAL_ENV_PROMPT='(boids) '
++ export VIRTUAL_ENV_PROMPT
++ '[' -n /bin/bash -o -n '' ']'
++ hash -r
+ cd /gpfs/home4/bartb/T256/T256-SUBBOX
+ python -c '
import torch, ray
print(f'\''PyTorch {torch.__version__}, CUDA {torch.cuda.is_available()}, {torch.cuda.device_count()} GPUs'\'')
print(f'\''Ray {ray.__version__}'\'')
'
+ python src/train_tune.py --config Configs/overfit_configs.yaml --num_samples 20 --tune_epochs 300 --grace_period 50 --gpus_per_trial 1.0
2026-05-11 11:25:32,077	INFO worker.py:2007 -- Started a local Ray instance.
/home/bartb/venvs/boids/lib/python3.11/site-packages/ray/_private/worker.py:2046: FutureWarning: Tip: In future versions of Ray, Ray will no longer override accelerator visible devices env var if num_gpus=0 or num_gpus=None (default). To enable this behavior and turn off this error message, set RAY_ACCEL_ENV_VAR_OVERRIDE_ON_ZERO=0
  warnings.warn(
[36m(train_one_trial pid=1072249)[0m /home/bartb/venvs/boids/lib/python3.11/site-packages/torch/nn/utils/weight_norm.py:143: FutureWarning: `torch.nn.utils.weight_norm` is deprecated in favor of `torch.nn.utils.parametrizations.weight_norm`.
[36m(train_one_trial pid=1072249)[0m   WeightNorm.apply(module, name, dim)
2026-05-11 11:25:48,386	ERROR tune_controller.py:1331 -- Trial task failed for trial train_one_trial_5f998_00002
Traceback (most recent call last):
  File "/home/bartb/venvs/boids/lib/python3.11/site-packages/ray/air/execution/_internal/event_manager.py", line 110, in resolve_future
    result = ray.get(future)
             ^^^^^^^^^^^^^^^
  File "/home/bartb/venvs/boids/lib/python3.11/site-packages/ray/_private/auto_init_hook.py", line 22, in auto_init_wrapper
    return fn(*args, **kwargs)
           ^^^^^^^^^^^^^^^^^^^
  File "/home/bartb/venvs/boids/lib/python3.11/site-packages/ray/_private/client_mode_hook.py", line 104, in wrapper
    return func(*args, **kwargs)
           ^^^^^^^^^^^^^^^^^^^^^
  File "/home/bartb/venvs/boids/lib/python3.11/site-packages/ray/_private/worker.py", line 2967, in get
    values, debugger_breakpoint = worker.get_objects(
                                  ^^^^^^^^^^^^^^^^^^^
  File "/home/bartb/venvs/boids/lib/python3.11/site-packages/ray/_private/worker.py", line 1015, in get_objects
    raise value.as_instanceof_cause()
ray.exceptions.RayTaskError(KeyError): [36mray::ImplicitFunc.train()[39m (pid=1072252, ip=145.136.62.77, actor_id=a059c9b4efac3b4ec155bbe001000000, repr=train_one_trial)
           ^^^^^^^^^^^^^^^^^^^^^^^^^^^^^^^^^^^^
           ^^^^^^^^^^^^^^^^^^^^^^^^^^^^^^^
  File "/home/bartb/venvs/boids/lib/python3.11/site-packages/ray/tune/trainable/trainable.py", line 331, in train
    raise skipped from exception_cause(skipped)
  File "/home/bartb/venvs/boids/lib/python3.11/site-packages/ray/air/_internal/util.py", line 98, in run
    self._ret = self._target(*self._args, **self._kwargs)
                ^^^^^^^^^^^^^^^^^^^^^^^^^^^^^^^^^^^^^^^^^
  File "/home/bartb/venvs/boids/lib/python3.11/site-packages/ray/tune/trainable/function_trainable.py", line 44, in <lambda>
    training_func=lambda: self._trainable_func(self.config),
                          ^^^^^^^^^^^^^^^^^^^^^^^^^^^^^^^^^
           ^^^^^^^^^^^^^^^^^^^^^^^^^^^^^^^
  File "/home/bartb/venvs/boids/lib/python3.11/site-packages/ray/tune/trainable/function_trainable.py", line 249, in _trainable_func
    output = fn()
             ^^^^
  File "/home/bartb/venvs/boids/lib/python3.11/site-packages/ray/tune/trainable/util.py", line 130, in inner
    return trainable(config, **fn_kwargs)
           ^^^^^^^^^^^^^^^^^^^^^^^^^^^^^^
  File "/gpfs/home4/bartb/T256/T256-SUBBOX/src/train_tune.py", line 106, in train_one_trial
    sigma_0=config["sigma_0"],
            ~~~~~~^^^^^^^^^^^
KeyError: 'sigma_0'
2026-05-11 11:25:48,413	ERROR tune_controller.py:1331 -- Trial task failed for trial train_one_trial_5f998_00003
Traceback (most recent call last):
  File "/home/bartb/venvs/boids/lib/python3.11/site-packages/ray/air/execution/_internal/event_manager.py", line 110, in resolve_future
    result = ray.get(future)
             ^^^^^^^^^^^^^^^
  File "/home/bartb/venvs/boids/lib/python3.11/site-packages/ray/_private/auto_init_hook.py", line 22, in auto_init_wrapper
    return fn(*args, **kwargs)
           ^^^^^^^^^^^^^^^^^^^
  File "/home/bartb/venvs/boids/lib/python3.11/site-packages/ray/_private/client_mode_hook.py", line 104, in wrapper
    return func(*args, **kwargs)
           ^^^^^^^^^^^^^^^^^^^^^
  File "/home/bartb/venvs/boids/lib/python3.11/site-packages/ray/_private/worker.py", line 2967, in get
    values, debugger_breakpoint = worker.get_objects(
                                  ^^^^^^^^^^^^^^^^^^^
  File "/home/bartb/venvs/boids/lib/python3.11/site-packages/ray/_private/worker.py", line 1015, in get_objects
    raise value.as_instanceof_cause()
ray.exceptions.RayTaskError(KeyError): [36mray::ImplicitFunc.train()[39m (pid=1072251, ip=145.136.62.77, actor_id=fbfb523cf73332d319aa3a6a01000000, repr=train_one_trial)
           ^^^^^^^^^^^^^^^^^^^^^^^^^^^^^^^^^^^^
           ^^^^^^^^^^^^^^^^^^^^^^^^^^^^^^^
  File "/home/bartb/venvs/boids/lib/python3.11/site-packages/ray/tune/trainable/trainable.py", line 331, in train
    raise skipped from exception_cause(skipped)
  File "/home/bartb/venvs/boids/lib/python3.11/site-packages/ray/air/_internal/util.py", line 98, in run
    self._ret = self._target(*self._args, **self._kwargs)
                ^^^^^^^^^^^^^^^^^^^^^^^^^^^^^^^^^^^^^^^^^
  File "/home/bartb/venvs/boids/lib/python3.11/site-packages/ray/tune/trainable/function_trainable.py", line 44, in <lambda>
    training_func=lambda: self._trainable_func(self.config),
                          ^^^^^^^^^^^^^^^^^^^^^^^^^^^^^^^^^
           ^^^^^^^^^^^^^^^^^^^^^^^^^^^^^^^
  File "/home/bartb/venvs/boids/lib/python3.11/site-packages/ray/tune/trainable/function_trainable.py", line 249, in _trainable_func
    output = fn()
             ^^^^
  File "/home/bartb/venvs/boids/lib/python3.11/site-packages/ray/tune/trainable/util.py", line 130, in inner
    return trainable(config, **fn_kwargs)
           ^^^^^^^^^^^^^^^^^^^^^^^^^^^^^^
  File "/gpfs/home4/bartb/T256/T256-SUBBOX/src/train_tune.py", line 106, in train_one_trial
    sigma_0=config["sigma_0"],
            ~~~~~~^^^^^^^^^^^
KeyError: 'sigma_0'
2026-05-11 11:25:48,419	ERROR tune_controller.py:1331 -- Trial task failed for trial train_one_trial_5f998_00000
Traceback (most recent call last):
  File "/home/bartb/venvs/boids/lib/python3.11/site-packages/ray/air/execution/_internal/event_manager.py", line 110, in resolve_future
    result = ray.get(future)
             ^^^^^^^^^^^^^^^
  File "/home/bartb/venvs/boids/lib/python3.11/site-packages/ray/_private/auto_init_hook.py", line 22, in auto_init_wrapper
    return fn(*args, **kwargs)
           ^^^^^^^^^^^^^^^^^^^
  File "/home/bartb/venvs/boids/lib/python3.11/site-packages/ray/_private/client_mode_hook.py", line 104, in wrapper
    return func(*args, **kwargs)
           ^^^^^^^^^^^^^^^^^^^^^
  File "/home/bartb/venvs/boids/lib/python3.11/site-packages/ray/_private/worker.py", line 2967, in get
    values, debugger_breakpoint = worker.get_objects(
                                  ^^^^^^^^^^^^^^^^^^^
  File "/home/bartb/venvs/boids/lib/python3.11/site-packages/ray/_private/worker.py", line 1015, in get_objects
    raise value.as_instanceof_cause()
ray.exceptions.RayTaskError(KeyError): [36mray::ImplicitFunc.train()[39m (pid=1072249, ip=145.136.62.77, actor_id=8b2ffefafa14720c2ae57c1401000000, repr=train_one_trial)
           ^^^^^^^^^^^^^^^^^^^^^^^^^^^^^^^^^^^^
           ^^^^^^^^^^^^^^^^^^^^^^^^^^^^^^^
  File "/home/bartb/venvs/boids/lib/python3.11/site-packages/ray/tune/trainable/trainable.py", line 331, in train
    raise skipped from exception_cause(skipped)
  File "/home/bartb/venvs/boids/lib/python3.11/site-packages/ray/air/_internal/util.py", line 98, in run
    self._ret = self._target(*self._args, **self._kwargs)
                ^^^^^^^^^^^^^^^^^^^^^^^^^^^^^^^^^^^^^^^^^
  File "/home/bartb/venvs/boids/lib/python3.11/site-packages/ray/tune/trainable/function_trainable.py", line 44, in <lambda>
    training_func=lambda: self._trainable_func(self.config),
                          ^^^^^^^^^^^^^^^^^^^^^^^^^^^^^^^^^
           ^^^^^^^^^^^^^^^^^^^^^^^^^^^^^^^
  File "/home/bartb/venvs/boids/lib/python3.11/site-packages/ray/tune/trainable/function_trainable.py", line 249, in _trainable_func
    output = fn()
             ^^^^
  File "/home/bartb/venvs/boids/lib/python3.11/site-packages/ray/tune/trainable/util.py", line 130, in inner
    return trainable(config, **fn_kwargs)
           ^^^^^^^^^^^^^^^^^^^^^^^^^^^^^^
  File "/gpfs/home4/bartb/T256/T256-SUBBOX/src/train_tune.py", line 106, in train_one_trial
    sigma_0=config["sigma_0"],
            ~~~~~~^^^^^^^^^^^
KeyError: 'sigma_0'
2026-05-11 11:25:48,639	ERROR tune_controller.py:1331 -- Trial task failed for trial train_one_trial_5f998_00001
Traceback (most recent call last):
  File "/home/bartb/venvs/boids/lib/python3.11/site-packages/ray/air/execution/_internal/event_manager.py", line 110, in resolve_future
    result = ray.get(future)
             ^^^^^^^^^^^^^^^
  File "/home/bartb/venvs/boids/lib/python3.11/site-packages/ray/_private/auto_init_hook.py", line 22, in auto_init_wrapper
    return fn(*args, **kwargs)
           ^^^^^^^^^^^^^^^^^^^
  File "/home/bartb/venvs/boids/lib/python3.11/site-packages/ray/_private/client_mode_hook.py", line 104, in wrapper
    return func(*args, **kwargs)
           ^^^^^^^^^^^^^^^^^^^^^
  File "/home/bartb/venvs/boids/lib/python3.11/site-packages/ray/_private/worker.py", line 2967, in get
    values, debugger_breakpoint = worker.get_objects(
                                  ^^^^^^^^^^^^^^^^^^^
  File "/home/bartb/venvs/boids/lib/python3.11/site-packages/ray/_private/worker.py", line 1015, in get_objects
    raise value.as_instanceof_cause()
ray.exceptions.RayTaskError(KeyError): [36mray::ImplicitFunc.train()[39m (pid=1072250, ip=145.136.62.77, actor_id=f1ca9c93d4e1ec7c6f87bc9901000000, repr=train_one_trial)
           ^^^^^^^^^^^^^^^^^^^^^^^^^^^^^^^^^^^^
           ^^^^^^^^^^^^^^^^^^^^^^^^^^^^^^^
  File "/home/bartb/venvs/boids/lib/python3.11/site-packages/ray/tune/trainable/trainable.py", line 331, in train
    raise skipped from exception_cause(skipped)
  File "/home/bartb/venvs/boids/lib/python3.11/site-packages/ray/air/_internal/util.py", line 98, in run
    self._ret = self._target(*self._args, **self._kwargs)
                ^^^^^^^^^^^^^^^^^^^^^^^^^^^^^^^^^^^^^^^^^
  File "/home/bartb/venvs/boids/lib/python3.11/site-packages/ray/tune/trainable/function_trainable.py", line 44, in <lambda>
    training_func=lambda: self._trainable_func(self.config),
                          ^^^^^^^^^^^^^^^^^^^^^^^^^^^^^^^^^
           ^^^^^^^^^^^^^^^^^^^^^^^^^^^^^^^
  File "/home/bartb/venvs/boids/lib/python3.11/site-packages/ray/tune/trainable/function_trainable.py", line 249, in _trainable_func
    output = fn()
             ^^^^
  File "/home/bartb/venvs/boids/lib/python3.11/site-packages/ray/tune/trainable/util.py", line 130, in inner
    return trainable(config, **fn_kwargs)
           ^^^^^^^^^^^^^^^^^^^^^^^^^^^^^^
  File "/gpfs/home4/bartb/T256/T256-SUBBOX/src/train_tune.py", line 106, in train_one_trial
    sigma_0=config["sigma_0"],
            ~~~~~~^^^^^^^^^^^
KeyError: 'sigma_0'
2026-05-11 11:25:56,233	ERROR tune_controller.py:1331 -- Trial task failed for trial train_one_trial_5f998_00005
Traceback (most recent call last):
  File "/home/bartb/venvs/boids/lib/python3.11/site-packages/ray/air/execution/_internal/event_manager.py", line 110, in resolve_future
    result = ray.get(future)
             ^^^^^^^^^^^^^^^
  File "/home/bartb/venvs/boids/lib/python3.11/site-packages/ray/_private/auto_init_hook.py", line 22, in auto_init_wrapper
    return fn(*args, **kwargs)
           ^^^^^^^^^^^^^^^^^^^
  File "/home/bartb/venvs/boids/lib/python3.11/site-packages/ray/_private/client_mode_hook.py", line 104, in wrapper
    return func(*args, **kwargs)
           ^^^^^^^^^^^^^^^^^^^^^
  File "/home/bartb/venvs/boids/lib/python3.11/site-packages/ray/_private/worker.py", line 2967, in get
    values, debugger_breakpoint = worker.get_objects(
                                  ^^^^^^^^^^^^^^^^^^^
  File "/home/bartb/venvs/boids/lib/python3.11/site-packages/ray/_private/worker.py", line 1015, in get_objects
    raise value.as_instanceof_cause()
ray.exceptions.RayTaskError(KeyError): [36mray::ImplicitFunc.train()[39m (pid=1072845, ip=145.136.62.77, actor_id=f291ae79451e0bf91981393c01000000, repr=train_one_trial)
           ^^^^^^^^^^^^^^^^^^^^^^^^^^^^^^^^^^^^
           ^^^^^^^^^^^^^^^^^^^^^^^^^^^^^^^
  File "/home/bartb/venvs/boids/lib/python3.11/site-packages/ray/tune/trainable/trainable.py", line 331, in train
    raise skipped from exception_cause(skipped)
  File "/home/bartb/venvs/boids/lib/python3.11/site-packages/ray/air/_internal/util.py", line 98, in run
    self._ret = self._target(*self._args, **self._kwargs)
                ^^^^^^^^^^^^^^^^^^^^^^^^^^^^^^^^^^^^^^^^^
  File "/home/bartb/venvs/boids/lib/python3.11/site-packages/ray/tune/trainable/function_trainable.py", line 44, in <lambda>
    training_func=lambda: self._trainable_func(self.config),
                          ^^^^^^^^^^^^^^^^^^^^^^^^^^^^^^^^^
           ^^^^^^^^^^^^^^^^^^^^^^^^^^^^^^^
  File "/home/bartb/venvs/boids/lib/python3.11/site-packages/ray/tune/trainable/function_trainable.py", line 249, in _trainable_func
    output = fn()
             ^^^^
  File "/home/bartb/venvs/boids/lib/python3.11/site-packages/ray/tune/trainable/util.py", line 130, in inner
    return trainable(config, **fn_kwargs)
           ^^^^^^^^^^^^^^^^^^^^^^^^^^^^^^
  File "/gpfs/home4/bartb/T256/T256-SUBBOX/src/train_tune.py", line 106, in train_one_trial
    sigma_0=config["sigma_0"],
            ~~~~~~^^^^^^^^^^^
KeyError: 'sigma_0'
2026-05-11 11:25:57,071	ERROR tune_controller.py:1331 -- Trial task failed for trial train_one_trial_5f998_00004
Traceback (most recent call last):
  File "/home/bartb/venvs/boids/lib/python3.11/site-packages/ray/air/execution/_internal/event_manager.py", line 110, in resolve_future
    result = ray.get(future)
             ^^^^^^^^^^^^^^^
  File "/home/bartb/venvs/boids/lib/python3.11/site-packages/ray/_private/auto_init_hook.py", line 22, in auto_init_wrapper
    return fn(*args, **kwargs)
           ^^^^^^^^^^^^^^^^^^^
  File "/home/bartb/venvs/boids/lib/python3.11/site-packages/ray/_private/client_mode_hook.py", line 104, in wrapper
    return func(*args, **kwargs)
           ^^^^^^^^^^^^^^^^^^^^^
  File "/home/bartb/venvs/boids/lib/python3.11/site-packages/ray/_private/worker.py", line 2967, in get
    values, debugger_breakpoint = worker.get_objects(
                                  ^^^^^^^^^^^^^^^^^^^
  File "/home/bartb/venvs/boids/lib/python3.11/site-packages/ray/_private/worker.py", line 1015, in get_objects
    raise value.as_instanceof_cause()
ray.exceptions.RayTaskError(KeyError): [36mray::ImplicitFunc.train()[39m (pid=1072846, ip=145.136.62.77, actor_id=cec5939fb17e01e29667cc4501000000, repr=train_one_trial)
           ^^^^^^^^^^^^^^^^^^^^^^^^^^^^^^^^^^^^
           ^^^^^^^^^^^^^^^^^^^^^^^^^^^^^^^
  File "/home/bartb/venvs/boids/lib/python3.11/site-packages/ray/tune/trainable/trainable.py", line 331, in train
    raise skipped from exception_cause(skipped)
  File "/home/bartb/venvs/boids/lib/python3.11/site-packages/ray/air/_internal/util.py", line 98, in run
    self._ret = self._target(*self._args, **self._kwargs)
                ^^^^^^^^^^^^^^^^^^^^^^^^^^^^^^^^^^^^^^^^^
  File "/home/bartb/venvs/boids/lib/python3.11/site-packages/ray/tune/trainable/function_trainable.py", line 44, in <lambda>
    training_func=lambda: self._trainable_func(self.config),
                          ^^^^^^^^^^^^^^^^^^^^^^^^^^^^^^^^^
           ^^^^^^^^^^^^^^^^^^^^^^^^^^^^^^^
  File "/home/bartb/venvs/boids/lib/python3.11/site-packages/ray/tune/trainable/function_trainable.py", line 249, in _trainable_func
    output = fn()
             ^^^^
  File "/home/bartb/venvs/boids/lib/python3.11/site-packages/ray/tune/trainable/util.py", line 130, in inner
    return trainable(config, **fn_kwargs)
           ^^^^^^^^^^^^^^^^^^^^^^^^^^^^^^
  File "/gpfs/home4/bartb/T256/T256-SUBBOX/src/train_tune.py", line 106, in train_one_trial
    sigma_0=config["sigma_0"],
            ~~~~~~^^^^^^^^^^^
KeyError: 'sigma_0'
2026-05-11 11:25:57,078	ERROR tune_controller.py:1331 -- Trial task failed for trial train_one_trial_5f998_00006
Traceback (most recent call last):
  File "/home/bartb/venvs/boids/lib/python3.11/site-packages/ray/air/execution/_internal/event_manager.py", line 110, in resolve_future
    result = ray.get(future)
             ^^^^^^^^^^^^^^^
  File "/home/bartb/venvs/boids/lib/python3.11/site-packages/ray/_private/auto_init_hook.py", line 22, in auto_init_wrapper
    return fn(*args, **kwargs)
           ^^^^^^^^^^^^^^^^^^^
  File "/home/bartb/venvs/boids/lib/python3.11/site-packages/ray/_private/client_mode_hook.py", line 104, in wrapper
    return func(*args, **kwargs)
           ^^^^^^^^^^^^^^^^^^^^^
  File "/home/bartb/venvs/boids/lib/python3.11/site-packages/ray/_private/worker.py", line 2967, in get
    values, debugger_breakpoint = worker.get_objects(
                                  ^^^^^^^^^^^^^^^^^^^
  File "/home/bartb/venvs/boids/lib/python3.11/site-packages/ray/_private/worker.py", line 1015, in get_objects
    raise value.as_instanceof_cause()
ray.exceptions.RayTaskError(KeyError): [36mray::ImplicitFunc.train()[39m (pid=1072847, ip=145.136.62.77, actor_id=4673277c366baf713351952c01000000, repr=train_one_trial)
           ^^^^^^^^^^^^^^^^^^^^^^^^^^^^^^^^^^^^
           ^^^^^^^^^^^^^^^^^^^^^^^^^^^^^^^
  File "/home/bartb/venvs/boids/lib/python3.11/site-packages/ray/tune/trainable/trainable.py", line 331, in train
    raise skipped from exception_cause(skipped)
  File "/home/bartb/venvs/boids/lib/python3.11/site-packages/ray/air/_internal/util.py", line 98, in run
    self._ret = self._target(*self._args, **self._kwargs)
                ^^^^^^^^^^^^^^^^^^^^^^^^^^^^^^^^^^^^^^^^^
  File "/home/bartb/venvs/boids/lib/python3.11/site-packages/ray/tune/trainable/function_trainable.py", line 44, in <lambda>
    training_func=lambda: self._trainable_func(self.config),
                          ^^^^^^^^^^^^^^^^^^^^^^^^^^^^^^^^^
           ^^^^^^^^^^^^^^^^^^^^^^^^^^^^^^^
  File "/home/bartb/venvs/boids/lib/python3.11/site-packages/ray/tune/trainable/function_trainable.py", line 249, in _trainable_func
    output = fn()
             ^^^^
  File "/home/bartb/venvs/boids/lib/python3.11/site-packages/ray/tune/trainable/util.py", line 130, in inner
    return trainable(config, **fn_kwargs)
           ^^^^^^^^^^^^^^^^^^^^^^^^^^^^^^
  File "/gpfs/home4/bartb/T256/T256-SUBBOX/src/train_tune.py", line 106, in train_one_trial
    sigma_0=config["sigma_0"],
            ~~~~~~^^^^^^^^^^^
KeyError: 'sigma_0'
2026-05-11 11:25:58,041	ERROR tune_controller.py:1331 -- Trial task failed for trial train_one_trial_5f998_00007
Traceback (most recent call last):
  File "/home/bartb/venvs/boids/lib/python3.11/site-packages/ray/air/execution/_internal/event_manager.py", line 110, in resolve_future
    result = ray.get(future)
             ^^^^^^^^^^^^^^^
  File "/home/bartb/venvs/boids/lib/python3.11/site-packages/ray/_private/auto_init_hook.py", line 22, in auto_init_wrapper
    return fn(*args, **kwargs)
           ^^^^^^^^^^^^^^^^^^^
  File "/home/bartb/venvs/boids/lib/python3.11/site-packages/ray/_private/client_mode_hook.py", line 104, in wrapper
    return func(*args, **kwargs)
           ^^^^^^^^^^^^^^^^^^^^^
  File "/home/bartb/venvs/boids/lib/python3.11/site-packages/ray/_private/worker.py", line 2967, in get
    values, debugger_breakpoint = worker.get_objects(
                                  ^^^^^^^^^^^^^^^^^^^
  File "/home/bartb/venvs/boids/lib/python3.11/site-packages/ray/_private/worker.py", line 1015, in get_objects
    raise value.as_instanceof_cause()
ray.exceptions.RayTaskError(KeyError): [36mray::ImplicitFunc.train()[39m (pid=1072872, ip=145.136.62.77, actor_id=38506d36cb509508e07b630501000000, repr=train_one_trial)
           ^^^^^^^^^^^^^^^^^^^^^^^^^^^^^^^^^^^^
           ^^^^^^^^^^^^^^^^^^^^^^^^^^^^^^^
  File "/home/bartb/venvs/boids/lib/python3.11/site-packages/ray/tune/trainable/trainable.py", line 331, in train
    raise skipped from exception_cause(skipped)
  File "/home/bartb/venvs/boids/lib/python3.11/site-packages/ray/air/_internal/util.py", line 98, in run
    self._ret = self._target(*self._args, **self._kwargs)
                ^^^^^^^^^^^^^^^^^^^^^^^^^^^^^^^^^^^^^^^^^
  File "/home/bartb/venvs/boids/lib/python3.11/site-packages/ray/tune/trainable/function_trainable.py", line 44, in <lambda>
    training_func=lambda: self._trainable_func(self.config),
                          ^^^^^^^^^^^^^^^^^^^^^^^^^^^^^^^^^
           ^^^^^^^^^^^^^^^^^^^^^^^^^^^^^^^
  File "/home/bartb/venvs/boids/lib/python3.11/site-packages/ray/tune/trainable/function_trainable.py", line 249, in _trainable_func
    output = fn()
             ^^^^
  File "/home/bartb/venvs/boids/lib/python3.11/site-packages/ray/tune/trainable/util.py", line 130, in inner
    return trainable(config, **fn_kwargs)
           ^^^^^^^^^^^^^^^^^^^^^^^^^^^^^^
  File "/gpfs/home4/bartb/T256/T256-SUBBOX/src/train_tune.py", line 106, in train_one_trial
    sigma_0=config["sigma_0"],
            ~~~~~~^^^^^^^^^^^
KeyError: 'sigma_0'
[36m(pid=gcs_server)[0m [2026-05-11 11:25:59,155 E 1068245 1068245] (gcs_server) gcs_server.cc:303: Failed to establish connection to the event+metrics exporter agent. Events and metrics will not be exported. Exporter agent status: RpcError: Running out of retries to initialize the metrics agent. rpc_code: 14
[36m(train_one_trial pid=1072252)[0m /home/bartb/venvs/boids/lib/python3.11/site-packages/torch/nn/utils/weight_norm.py:143: FutureWarning: `torch.nn.utils.weight_norm` is deprecated in favor of `torch.nn.utils.parametrizations.weight_norm`.
[36m(train_one_trial pid=1072252)[0m   WeightNorm.apply(module, name, dim)
[33m(raylet)[0m [2026-05-11 11:26:02,029 E 1068438 1068438] (raylet) main.cc:1032: Failed to establish connection to the metrics exporter agent. Metrics will not be exported. Exporter agent status: RpcError: Running out of retries to initialize the metrics agent. rpc_code: 14
2026-05-11 11:26:04,106	ERROR tune_controller.py:1331 -- Trial task failed for trial train_one_trial_5f998_00008
Traceback (most recent call last):
  File "/home/bartb/venvs/boids/lib/python3.11/site-packages/ray/air/execution/_internal/event_manager.py", line 110, in resolve_future
    result = ray.get(future)
             ^^^^^^^^^^^^^^^
  File "/home/bartb/venvs/boids/lib/python3.11/site-packages/ray/_private/auto_init_hook.py", line 22, in auto_init_wrapper
    return fn(*args, **kwargs)
           ^^^^^^^^^^^^^^^^^^^
  File "/home/bartb/venvs/boids/lib/python3.11/site-packages/ray/_private/client_mode_hook.py", line 104, in wrapper
    return func(*args, **kwargs)
           ^^^^^^^^^^^^^^^^^^^^^
  File "/home/bartb/venvs/boids/lib/python3.11/site-packages/ray/_private/worker.py", line 2967, in get
    values, debugger_breakpoint = worker.get_objects(
                                  ^^^^^^^^^^^^^^^^^^^
  File "/home/bartb/venvs/boids/lib/python3.11/site-packages/ray/_private/worker.py", line 1015, in get_objects
    raise value.as_instanceof_cause()
ray.exceptions.RayTaskError(KeyError): [36mray::ImplicitFunc.train()[39m (pid=1073307, ip=145.136.62.77, actor_id=dc79da8db5198af8af516bef01000000, repr=train_one_trial)
           ^^^^^^^^^^^^^^^^^^^^^^^^^^^^^^^^^^^^
           ^^^^^^^^^^^^^^^^^^^^^^^^^^^^^^^
  File "/home/bartb/venvs/boids/lib/python3.11/site-packages/ray/tune/trainable/trainable.py", line 331, in train
    raise skipped from exception_cause(skipped)
  File "/home/bartb/venvs/boids/lib/python3.11/site-packages/ray/air/_internal/util.py", line 98, in run
    self._ret = self._target(*self._args, **self._kwargs)
                ^^^^^^^^^^^^^^^^^^^^^^^^^^^^^^^^^^^^^^^^^
  File "/home/bartb/venvs/boids/lib/python3.11/site-packages/ray/tune/trainable/function_trainable.py", line 44, in <lambda>
    training_func=lambda: self._trainable_func(self.config),
                          ^^^^^^^^^^^^^^^^^^^^^^^^^^^^^^^^^
           ^^^^^^^^^^^^^^^^^^^^^^^^^^^^^^^
  File "/home/bartb/venvs/boids/lib/python3.11/site-packages/ray/tune/trainable/function_trainable.py", line 249, in _trainable_func
    output = fn()
             ^^^^
  File "/home/bartb/venvs/boids/lib/python3.11/site-packages/ray/tune/trainable/util.py", line 130, in inner
    return trainable(config, **fn_kwargs)
           ^^^^^^^^^^^^^^^^^^^^^^^^^^^^^^
  File "/gpfs/home4/bartb/T256/T256-SUBBOX/src/train_tune.py", line 106, in train_one_trial
    sigma_0=config["sigma_0"],
            ~~~~~~^^^^^^^^^^^
KeyError: 'sigma_0'
2026-05-11 11:26:06,589	ERROR tune_controller.py:1331 -- Trial task failed for trial train_one_trial_5f998_00009
Traceback (most recent call last):
  File "/home/bartb/venvs/boids/lib/python3.11/site-packages/ray/air/execution/_internal/event_manager.py", line 110, in resolve_future
    result = ray.get(future)
             ^^^^^^^^^^^^^^^
  File "/home/bartb/venvs/boids/lib/python3.11/site-packages/ray/_private/auto_init_hook.py", line 22, in auto_init_wrapper
    return fn(*args, **kwargs)
           ^^^^^^^^^^^^^^^^^^^
  File "/home/bartb/venvs/boids/lib/python3.11/site-packages/ray/_private/client_mode_hook.py", line 104, in wrapper
    return func(*args, **kwargs)
           ^^^^^^^^^^^^^^^^^^^^^
  File "/home/bartb/venvs/boids/lib/python3.11/site-packages/ray/_private/worker.py", line 2967, in get
    values, debugger_breakpoint = worker.get_objects(
                                  ^^^^^^^^^^^^^^^^^^^
  File "/home/bartb/venvs/boids/lib/python3.11/site-packages/ray/_private/worker.py", line 1015, in get_objects
    raise value.as_instanceof_cause()
ray.exceptions.RayTaskError(KeyError): [36mray::ImplicitFunc.train()[39m (pid=1073323, ip=145.136.62.77, actor_id=065d30e887da22058679a2ee01000000, repr=train_one_trial)
           ^^^^^^^^^^^^^^^^^^^^^^^^^^^^^^^^^^^^
           ^^^^^^^^^^^^^^^^^^^^^^^^^^^^^^^
  File "/home/bartb/venvs/boids/lib/python3.11/site-packages/ray/tune/trainable/trainable.py", line 331, in train
    raise skipped from exception_cause(skipped)
  File "/home/bartb/venvs/boids/lib/python3.11/site-packages/ray/air/_internal/util.py", line 98, in run
    self._ret = self._target(*self._args, **self._kwargs)
                ^^^^^^^^^^^^^^^^^^^^^^^^^^^^^^^^^^^^^^^^^
  File "/home/bartb/venvs/boids/lib/python3.11/site-packages/ray/tune/trainable/function_trainable.py", line 44, in <lambda>
    training_func=lambda: self._trainable_func(self.config),
                          ^^^^^^^^^^^^^^^^^^^^^^^^^^^^^^^^^
           ^^^^^^^^^^^^^^^^^^^^^^^^^^^^^^^
  File "/home/bartb/venvs/boids/lib/python3.11/site-packages/ray/tune/trainable/function_trainable.py", line 249, in _trainable_func
    output = fn()
             ^^^^
  File "/home/bartb/venvs/boids/lib/python3.11/site-packages/ray/tune/trainable/util.py", line 130, in inner
    return trainable(config, **fn_kwargs)
           ^^^^^^^^^^^^^^^^^^^^^^^^^^^^^^
  File "/gpfs/home4/bartb/T256/T256-SUBBOX/src/train_tune.py", line 106, in train_one_trial
    sigma_0=config["sigma_0"],
            ~~~~~~^^^^^^^^^^^
KeyError: 'sigma_0'
2026-05-11 11:26:06,643	ERROR tune_controller.py:1331 -- Trial task failed for trial train_one_trial_5f998_00010
Traceback (most recent call last):
  File "/home/bartb/venvs/boids/lib/python3.11/site-packages/ray/air/execution/_internal/event_manager.py", line 110, in resolve_future
    result = ray.get(future)
             ^^^^^^^^^^^^^^^
  File "/home/bartb/venvs/boids/lib/python3.11/site-packages/ray/_private/auto_init_hook.py", line 22, in auto_init_wrapper
    return fn(*args, **kwargs)
           ^^^^^^^^^^^^^^^^^^^
  File "/home/bartb/venvs/boids/lib/python3.11/site-packages/ray/_private/client_mode_hook.py", line 104, in wrapper
    return func(*args, **kwargs)
           ^^^^^^^^^^^^^^^^^^^^^
  File "/home/bartb/venvs/boids/lib/python3.11/site-packages/ray/_private/worker.py", line 2967, in get
    values, debugger_breakpoint = worker.get_objects(
                                  ^^^^^^^^^^^^^^^^^^^
  File "/home/bartb/venvs/boids/lib/python3.11/site-packages/ray/_private/worker.py", line 1015, in get_objects
    raise value.as_instanceof_cause()
ray.exceptions.RayTaskError(KeyError): [36mray::ImplicitFunc.train()[39m (pid=1073322, ip=145.136.62.77, actor_id=6875e46697ec47f9f93ab46401000000, repr=train_one_trial)
           ^^^^^^^^^^^^^^^^^^^^^^^^^^^^^^^^^^^^
           ^^^^^^^^^^^^^^^^^^^^^^^^^^^^^^^
  File "/home/bartb/venvs/boids/lib/python3.11/site-packages/ray/tune/trainable/trainable.py", line 331, in train
    raise skipped from exception_cause(skipped)
  File "/home/bartb/venvs/boids/lib/python3.11/site-packages/ray/air/_internal/util.py", line 98, in run
    self._ret = self._target(*self._args, **self._kwargs)
                ^^^^^^^^^^^^^^^^^^^^^^^^^^^^^^^^^^^^^^^^^
  File "/home/bartb/venvs/boids/lib/python3.11/site-packages/ray/tune/trainable/function_trainable.py", line 44, in <lambda>
    training_func=lambda: self._trainable_func(self.config),
                          ^^^^^^^^^^^^^^^^^^^^^^^^^^^^^^^^^
           ^^^^^^^^^^^^^^^^^^^^^^^^^^^^^^^
  File "/home/bartb/venvs/boids/lib/python3.11/site-packages/ray/tune/trainable/function_trainable.py", line 249, in _trainable_func
    output = fn()
             ^^^^
  File "/home/bartb/venvs/boids/lib/python3.11/site-packages/ray/tune/trainable/util.py", line 130, in inner
    return trainable(config, **fn_kwargs)
           ^^^^^^^^^^^^^^^^^^^^^^^^^^^^^^
  File "/gpfs/home4/bartb/T256/T256-SUBBOX/src/train_tune.py", line 106, in train_one_trial
    sigma_0=config["sigma_0"],
            ~~~~~~^^^^^^^^^^^
KeyError: 'sigma_0'
[36m(train_one_trial pid=1073324)[0m /home/bartb/venvs/boids/lib/python3.11/site-packages/torch/nn/utils/weight_norm.py:143: FutureWarning: `torch.nn.utils.weight_norm` is deprecated in favor of `torch.nn.utils.parametrizations.weight_norm`.
[36m(train_one_trial pid=1073324)[0m   WeightNorm.apply(module, name, dim)
2026-05-11 11:26:07,152	ERROR tune_controller.py:1331 -- Trial task failed for trial train_one_trial_5f998_00011
Traceback (most recent call last):
  File "/home/bartb/venvs/boids/lib/python3.11/site-packages/ray/air/execution/_internal/event_manager.py", line 110, in resolve_future
    result = ray.get(future)
             ^^^^^^^^^^^^^^^
  File "/home/bartb/venvs/boids/lib/python3.11/site-packages/ray/_private/auto_init_hook.py", line 22, in auto_init_wrapper
    return fn(*args, **kwargs)
           ^^^^^^^^^^^^^^^^^^^
  File "/home/bartb/venvs/boids/lib/python3.11/site-packages/ray/_private/client_mode_hook.py", line 104, in wrapper
    return func(*args, **kwargs)
           ^^^^^^^^^^^^^^^^^^^^^
  File "/home/bartb/venvs/boids/lib/python3.11/site-packages/ray/_private/worker.py", line 2967, in get
    values, debugger_breakpoint = worker.get_objects(
                                  ^^^^^^^^^^^^^^^^^^^
  File "/home/bartb/venvs/boids/lib/python3.11/site-packages/ray/_private/worker.py", line 1015, in get_objects
    raise value.as_instanceof_cause()
ray.exceptions.RayTaskError(KeyError): [36mray::ImplicitFunc.train()[39m (pid=1073324, ip=145.136.62.77, actor_id=25a5ae6bc66e79ad817bc19901000000, repr=train_one_trial)
           ^^^^^^^^^^^^^^^^^^^^^^^^^^^^^^^^^^^^
           ^^^^^^^^^^^^^^^^^^^^^^^^^^^^^^^
  File "/home/bartb/venvs/boids/lib/python3.11/site-packages/ray/tune/trainable/trainable.py", line 331, in train
    raise skipped from exception_cause(skipped)
  File "/home/bartb/venvs/boids/lib/python3.11/site-packages/ray/air/_internal/util.py", line 98, in run
    self._ret = self._target(*self._args, **self._kwargs)
                ^^^^^^^^^^^^^^^^^^^^^^^^^^^^^^^^^^^^^^^^^
  File "/home/bartb/venvs/boids/lib/python3.11/site-packages/ray/tune/trainable/function_trainable.py", line 44, in <lambda>
    training_func=lambda: self._trainable_func(self.config),
                          ^^^^^^^^^^^^^^^^^^^^^^^^^^^^^^^^^
           ^^^^^^^^^^^^^^^^^^^^^^^^^^^^^^^
  File "/home/bartb/venvs/boids/lib/python3.11/site-packages/ray/tune/trainable/function_trainable.py", line 249, in _trainable_func
    output = fn()
             ^^^^
  File "/home/bartb/venvs/boids/lib/python3.11/site-packages/ray/tune/trainable/util.py", line 130, in inner
    return trainable(config, **fn_kwargs)
           ^^^^^^^^^^^^^^^^^^^^^^^^^^^^^^
  File "/gpfs/home4/bartb/T256/T256-SUBBOX/src/train_tune.py", line 106, in train_one_trial
    sigma_0=config["sigma_0"],
            ~~~~~~^^^^^^^^^^^
KeyError: 'sigma_0'
[36m(bundle_reservation_check_func pid=1068551)[0m [2026-05-11 11:26:07,286 E 1068551 1068736] core_worker_process.cc:842: Failed to establish connection to the metrics exporter agent. Metrics will not be exported. Exporter agent status: RpcError: Running out of retries to initialize the metrics agent. rpc_code: 14
[2026-05-11 11:26:08,817 E 1068179 1068533] core_worker_process.cc:842: Failed to establish connection to the metrics exporter agent. Metrics will not be exported. Exporter agent status: RpcError: Running out of retries to initialize the metrics agent. rpc_code: 14
2026-05-11 11:26:12,050	ERROR tune_controller.py:1331 -- Trial task failed for trial train_one_trial_5f998_00012
Traceback (most recent call last):
  File "/home/bartb/venvs/boids/lib/python3.11/site-packages/ray/air/execution/_internal/event_manager.py", line 110, in resolve_future
    result = ray.get(future)
             ^^^^^^^^^^^^^^^
  File "/home/bartb/venvs/boids/lib/python3.11/site-packages/ray/_private/auto_init_hook.py", line 22, in auto_init_wrapper
    return fn(*args, **kwargs)
           ^^^^^^^^^^^^^^^^^^^
  File "/home/bartb/venvs/boids/lib/python3.11/site-packages/ray/_private/client_mode_hook.py", line 104, in wrapper
    return func(*args, **kwargs)
           ^^^^^^^^^^^^^^^^^^^^^
  File "/home/bartb/venvs/boids/lib/python3.11/site-packages/ray/_private/worker.py", line 2967, in get
    values, debugger_breakpoint = worker.get_objects(
                                  ^^^^^^^^^^^^^^^^^^^
  File "/home/bartb/venvs/boids/lib/python3.11/site-packages/ray/_private/worker.py", line 1015, in get_objects
    raise value.as_instanceof_cause()
ray.exceptions.RayTaskError(KeyError): [36mray::ImplicitFunc.train()[39m (pid=1073727, ip=145.136.62.77, actor_id=ce0389564020122dd75676a501000000, repr=train_one_trial)
           ^^^^^^^^^^^^^^^^^^^^^^^^^^^^^^^^^^^^
           ^^^^^^^^^^^^^^^^^^^^^^^^^^^^^^^
  File "/home/bartb/venvs/boids/lib/python3.11/site-packages/ray/tune/trainable/trainable.py", line 331, in train
    raise skipped from exception_cause(skipped)
  File "/home/bartb/venvs/boids/lib/python3.11/site-packages/ray/air/_internal/util.py", line 98, in run
    self._ret = self._target(*self._args, **self._kwargs)
                ^^^^^^^^^^^^^^^^^^^^^^^^^^^^^^^^^^^^^^^^^
  File "/home/bartb/venvs/boids/lib/python3.11/site-packages/ray/tune/trainable/function_trainable.py", line 44, in <lambda>
    training_func=lambda: self._trainable_func(self.config),
                          ^^^^^^^^^^^^^^^^^^^^^^^^^^^^^^^^^
           ^^^^^^^^^^^^^^^^^^^^^^^^^^^^^^^
  File "/home/bartb/venvs/boids/lib/python3.11/site-packages/ray/tune/trainable/function_trainable.py", line 249, in _trainable_func
    output = fn()
             ^^^^
  File "/home/bartb/venvs/boids/lib/python3.11/site-packages/ray/tune/trainable/util.py", line 130, in inner
    return trainable(config, **fn_kwargs)
           ^^^^^^^^^^^^^^^^^^^^^^^^^^^^^^
  File "/gpfs/home4/bartb/T256/T256-SUBBOX/src/train_tune.py", line 106, in train_one_trial
    sigma_0=config["sigma_0"],
            ~~~~~~^^^^^^^^^^^
KeyError: 'sigma_0'
[2026-05-11T11:26:15.412] error: *** JOB 22635650 ON gcn77 CANCELLED AT 2026-05-11T11:26:15 DUE to SIGNAL Terminated ***
