+ export MPLCONFIGDIR=/scratch-local/bartb.22635698/matplotlib
+ MPLCONFIGDIR=/scratch-local/bartb.22635698/matplotlib
+ export XDG_CACHE_HOME=/scratch-local/bartb.22635698/.cache
+ XDG_CACHE_HOME=/scratch-local/bartb.22635698/.cache
+ mkdir -p /scratch-local/bartb.22635698/matplotlib /scratch-local/bartb.22635698/.cache
+ export RAY_TMPDIR=/scratch-local/bartb.22635698/ray_22635698
+ RAY_TMPDIR=/scratch-local/bartb.22635698/ray_22635698
+ mkdir -p /scratch-local/bartb.22635698/ray_22635698
+ module load 2023
+ '[' -z '' ']'
+ case "$-" in
+ __lmod_sh_dbg=x
+ '[' -n x ']'
+ set +x
Shell debugging temporarily silenced: export LMOD_SH_DBG_ON=1 for Lmod's output
Shell debugging restarted
+ unset __lmod_sh_dbg
+ return 0
+ source /gpfs/home4/bartb/venvs/boids/bin/activate
++ deactivate nondestructive
++ '[' -n '' ']'
++ '[' -n '' ']'
++ '[' -n /bin/bash -o -n '' ']'
++ hash -r
++ '[' -n '' ']'
++ unset VIRTUAL_ENV
++ unset VIRTUAL_ENV_PROMPT
++ '[' '!' nondestructive = nondestructive ']'
++ VIRTUAL_ENV=/home/bartb/venvs/boids
++ export VIRTUAL_ENV
++ _OLD_VIRTUAL_PATH=/home/bartb/.local/bin:/home/bartb/bin:/usr/hpc/bin:/opt/neovim/current/bin:/opt/ear/current/bin:/usr/local/bin:/usr/bin:/usr/local/sbin:/usr/sbin:/opt/mellanox/doca/tools/
++ PATH=/home/bartb/venvs/boids/bin:/home/bartb/.local/bin:/home/bartb/bin:/usr/hpc/bin:/opt/neovim/current/bin:/opt/ear/current/bin:/usr/local/bin:/usr/bin:/usr/local/sbin:/usr/sbin:/opt/mellanox/doca/tools/
++ export PATH
++ '[' -n '' ']'
++ '[' -z '' ']'
++ _OLD_VIRTUAL_PS1=
++ PS1='(boids) '
++ export PS1
++ VIRTUAL_ENV_PROMPT='(boids) '
++ export VIRTUAL_ENV_PROMPT
++ '[' -n /bin/bash -o -n '' ']'
++ hash -r
+ cd /gpfs/home4/bartb/T256/T256-SUBBOX
+ python -c '
import torch, ray
print(f'\''PyTorch {torch.__version__}, CUDA {torch.cuda.is_available()}, {torch.cuda.device_count()} GPUs'\'')
print(f'\''Ray {ray.__version__}'\'')
'
+ python src/train_tune.py --config Configs/overfit_configs.yaml --num_samples 20 --tune_epochs 300 --grace_period 50 --gpus_per_trial 1.0
2026-05-11 11:29:29,837	INFO worker.py:2007 -- Started a local Ray instance.
/home/bartb/venvs/boids/lib/python3.11/site-packages/ray/_private/worker.py:2046: FutureWarning: Tip: In future versions of Ray, Ray will no longer override accelerator visible devices env var if num_gpus=0 or num_gpus=None (default). To enable this behavior and turn off this error message, set RAY_ACCEL_ENV_VAR_OVERRIDE_ON_ZERO=0
  warnings.warn(
[36m(train_one_trial pid=1082701)[0m /home/bartb/venvs/boids/lib/python3.11/site-packages/torch/nn/utils/weight_norm.py:143: FutureWarning: `torch.nn.utils.weight_norm` is deprecated in favor of `torch.nn.utils.parametrizations.weight_norm`.
[36m(train_one_trial pid=1082701)[0m   WeightNorm.apply(module, name, dim)
[36m(pid=gcs_server)[0m [2026-05-11 11:29:57,143 E 1078574 1078574] (gcs_server) gcs_server.cc:303: Failed to establish connection to the event+metrics exporter agent. Events and metrics will not be exported. Exporter agent status: RpcError: Running out of retries to initialize the metrics agent. rpc_code: 14
[36m(train_one_trial pid=1082702)[0m /home/bartb/venvs/boids/lib/python3.11/site-packages/torch/nn/utils/weight_norm.py:143: FutureWarning: `torch.nn.utils.weight_norm` is deprecated in favor of `torch.nn.utils.parametrizations.weight_norm`.[32m [repeated 2x across cluster] (Ray deduplicates logs by default. Set RAY_DEDUP_LOGS=0 to disable log deduplication, or see https://docs.ray.io/en/master/ray-observability/user-guides/configure-logging.html#log-deduplication for more options.)[0m
[36m(train_one_trial pid=1082702)[0m   WeightNorm.apply(module, name, dim)[32m [repeated 2x across cluster][0m
[33m(raylet)[0m [2026-05-11 11:29:59,777 E 1078831 1078831] (raylet) main.cc:1032: Failed to establish connection to the metrics exporter agent. Metrics will not be exported. Exporter agent status: RpcError: Running out of retries to initialize the metrics agent. rpc_code: 14
[36m(bundle_reservation_check_func pid=1078936)[0m [2026-05-11 11:30:05,436 E 1078936 1079321] core_worker_process.cc:842: Failed to establish connection to the metrics exporter agent. Metrics will not be exported. Exporter agent status: RpcError: Running out of retries to initialize the metrics agent. rpc_code: 14
[2026-05-11 11:30:06,550 E 1078303 1078926] core_worker_process.cc:842: Failed to establish connection to the metrics exporter agent. Metrics will not be exported. Exporter agent status: RpcError: Running out of retries to initialize the metrics agent. rpc_code: 14
[36m(train_one_trial pid=1114997)[0m [2026-05-11 13:18:19,194 E 1114997 1115035] core_worker_process.cc:842: Failed to establish connection to the metrics exporter agent. Metrics will not be exported. Exporter agent status: RpcError: Running out of retries to initialize the metrics agent. rpc_code: 14[32m [repeated 60x across cluster][0m
[36m(train_one_trial pid=1115726)[0m [2026-05-11 13:21:50,253 E 1115726 1115764] core_worker_process.cc:842: Failed to establish connection to the metrics exporter agent. Metrics will not be exported. Exporter agent status: RpcError: Running out of retries to initialize the metrics agent. rpc_code: 14
[36m(train_one_trial pid=1183127)[0m [2026-05-11 15:04:35,157 E 1183127 1183177] core_worker_process.cc:842: Failed to establish connection to the metrics exporter agent. Metrics will not be exported. Exporter agent status: RpcError: Running out of retries to initialize the metrics agent. rpc_code: 14
[36m(train_one_trial pid=1186973)[0m [2026-05-11 15:13:25,181 E 1186973 1187012] core_worker_process.cc:842: Failed to establish connection to the metrics exporter agent. Metrics will not be exported. Exporter agent status: RpcError: Running out of retries to initialize the metrics agent. rpc_code: 14
[36m(train_one_trial pid=1253645)[0m /home/bartb/venvs/boids/lib/python3.11/site-packages/torch/nn/utils/weight_norm.py:143: FutureWarning: `torch.nn.utils.weight_norm` is deprecated in favor of `torch.nn.utils.parametrizations.weight_norm`.
[36m(train_one_trial pid=1253645)[0m   WeightNorm.apply(module, name, dim)
[36m(train_one_trial pid=1253645)[0m [2026-05-11 16:52:36,066 E 1253645 1253687] core_worker_process.cc:842: Failed to establish connection to the metrics exporter agent. Metrics will not be exported. Exporter agent status: RpcError: Running out of retries to initialize the metrics agent. rpc_code: 14
[36m(train_one_trial pid=1328688)[0m [2026-05-11 18:56:19,084 E 1328688 1328729] core_worker_process.cc:842: Failed to establish connection to the metrics exporter agent. Metrics will not be exported. Exporter agent status: RpcError: Running out of retries to initialize the metrics agent. rpc_code: 14
[36m(train_one_trial pid=1355498)[0m /home/bartb/venvs/boids/lib/python3.11/site-packages/torch/nn/utils/weight_norm.py:143: FutureWarning: `torch.nn.utils.weight_norm` is deprecated in favor of `torch.nn.utils.parametrizations.weight_norm`.
[36m(train_one_trial pid=1355498)[0m   WeightNorm.apply(module, name, dim)
[36m(train_one_trial pid=1355498)[0m [2026-05-11 20:28:19,867 E 1355498 1355537] core_worker_process.cc:842: Failed to establish connection to the metrics exporter agent. Metrics will not be exported. Exporter agent status: RpcError: Running out of retries to initialize the metrics agent. rpc_code: 14
[36m(train_one_trial pid=1380689)[0m /home/bartb/venvs/boids/lib/python3.11/site-packages/torch/nn/utils/weight_norm.py:143: FutureWarning: `torch.nn.utils.weight_norm` is deprecated in favor of `torch.nn.utils.parametrizations.weight_norm`.
[36m(train_one_trial pid=1380689)[0m   WeightNorm.apply(module, name, dim)
[36m(train_one_trial pid=1380689)[0m [2026-05-11 21:48:20,681 E 1380689 1380728] core_worker_process.cc:842: Failed to establish connection to the metrics exporter agent. Metrics will not be exported. Exporter agent status: RpcError: Running out of retries to initialize the metrics agent. rpc_code: 14
[36m(train_one_trial pid=1386819)[0m [2026-05-11 22:16:15,868 E 1386819 1386880] core_worker_process.cc:842: Failed to establish connection to the metrics exporter agent. Metrics will not be exported. Exporter agent status: RpcError: Running out of retries to initialize the metrics agent. rpc_code: 14
[36m(train_one_trial pid=1412724)[0m /home/bartb/venvs/boids/lib/python3.11/site-packages/torch/nn/utils/weight_norm.py:143: FutureWarning: `torch.nn.utils.weight_norm` is deprecated in favor of `torch.nn.utils.parametrizations.weight_norm`.
[36m(train_one_trial pid=1412724)[0m   WeightNorm.apply(module, name, dim)
[36m(train_one_trial pid=1412724)[0m [2026-05-11 23:40:02,767 E 1412724 1412763] core_worker_process.cc:842: Failed to establish connection to the metrics exporter agent. Metrics will not be exported. Exporter agent status: RpcError: Running out of retries to initialize the metrics agent. rpc_code: 14
[36m(train_one_trial pid=1426505)[0m [2026-05-12 00:28:28,170 E 1426505 1426543] core_worker_process.cc:842: Failed to establish connection to the metrics exporter agent. Metrics will not be exported. Exporter agent status: RpcError: Running out of retries to initialize the metrics agent. rpc_code: 14
[36m(train_one_trial pid=1444639)[0m [2026-05-12 01:31:38,776 E 1444639 1444687] core_worker_process.cc:842: Failed to establish connection to the metrics exporter agent. Metrics will not be exported. Exporter agent status: RpcError: Running out of retries to initialize the metrics agent. rpc_code: 14
[36m(train_one_trial pid=1454292)[0m [2026-05-12 02:08:28,109 E 1454292 1454333] core_worker_process.cc:842: Failed to establish connection to the metrics exporter agent. Metrics will not be exported. Exporter agent status: RpcError: Running out of retries to initialize the metrics agent. rpc_code: 14
[36m(train_one_trial pid=1485560)[0m [2026-05-12 03:56:30,164 E 1485560 1485598] core_worker_process.cc:842: Failed to establish connection to the metrics exporter agent. Metrics will not be exported. Exporter agent status: RpcError: Running out of retries to initialize the metrics agent. rpc_code: 14
[36m(train_one_trial pid=1489366)[0m [2026-05-12 04:04:21,196 E 1489366 1489405] core_worker_process.cc:842: Failed to establish connection to the metrics exporter agent. Metrics will not be exported. Exporter agent status: RpcError: Running out of retries to initialize the metrics agent. rpc_code: 14
[36m(train_one_trial pid=1507494)[0m [2026-05-12 05:08:00,834 E 1507494 1507532] core_worker_process.cc:842: Failed to establish connection to the metrics exporter agent. Metrics will not be exported. Exporter agent status: RpcError: Running out of retries to initialize the metrics agent. rpc_code: 14
[2026-05-12T07:29:24.086] error: *** JOB 22635698 ON gcn77 CANCELLED AT 2026-05-12T07:29:24 DUE TO TIME LIMIT ***
