+ export MPLCONFIGDIR=/scratch-local/bartb.22536341/matplotlib
+ MPLCONFIGDIR=/scratch-local/bartb.22536341/matplotlib
+ export XDG_CACHE_HOME=/scratch-local/bartb.22536341/.cache
+ XDG_CACHE_HOME=/scratch-local/bartb.22536341/.cache
+ mkdir -p /scratch-local/bartb.22536341/matplotlib /scratch-local/bartb.22536341/.cache
+ export TORCH_DISTRIBUTED_DEBUG=DETAIL
+ TORCH_DISTRIBUTED_DEBUG=DETAIL
+ export WANDB_HTTP_TIMEOUT=60
+ WANDB_HTTP_TIMEOUT=60
+ module load 2023
+ '[' -z '' ']'
+ case "$-" in
+ __lmod_sh_dbg=x
+ '[' -n x ']'
+ set +x
Shell debugging temporarily silenced: export LMOD_SH_DBG_ON=1 for Lmod's output
Shell debugging restarted
+ unset __lmod_sh_dbg
+ return 0
+ source /gpfs/home4/bartb/venvs/boids/bin/activate
++ deactivate nondestructive
++ '[' -n '' ']'
++ '[' -n '' ']'
++ '[' -n /bin/bash -o -n '' ']'
++ hash -r
++ '[' -n '' ']'
++ unset VIRTUAL_ENV
++ unset VIRTUAL_ENV_PROMPT
++ '[' '!' nondestructive = nondestructive ']'
++ VIRTUAL_ENV=/home/bartb/venvs/boids
++ export VIRTUAL_ENV
++ _OLD_VIRTUAL_PATH=/home/bartb/.local/bin:/home/bartb/bin:/usr/hpc/bin:/opt/neovim/current/bin:/opt/ear/current/bin:/usr/local/bin:/usr/bin:/usr/local/sbin:/usr/sbin:/opt/mellanox/doca/tools/
++ PATH=/home/bartb/venvs/boids/bin:/home/bartb/.local/bin:/home/bartb/bin:/usr/hpc/bin:/opt/neovim/current/bin:/opt/ear/current/bin:/usr/local/bin:/usr/bin:/usr/local/sbin:/usr/sbin:/opt/mellanox/doca/tools/
++ export PATH
++ '[' -n '' ']'
++ '[' -z '' ']'
++ _OLD_VIRTUAL_PS1=
++ PS1='(boids) '
++ export PS1
++ VIRTUAL_ENV_PROMPT='(boids) '
++ export VIRTUAL_ENV_PROMPT
++ '[' -n /bin/bash -o -n '' ']'
++ hash -r
+ torchrun --standalone --nproc_per_node=1 src/train_ddp.py --config Configs/overfit_configs.yaml
Group initialized? True
host: gcn47.local.snellius.surf.nl, rank: 0, local_rank: 0
2026-05-07 11:36:06,142 - INFO - Output_dir: ./results/run_20260507_113606
2026-05-07 11:36:06,142 - INFO - Final training configuration:
{'config': 'Configs/overfit_configs.yaml',
 'data': {'cosm_param': None,
          'cosmologies_dir': '../Data/',
          'cosmologies_info_dir': '../Data/',
          'dataset': 'subset_5000',
          'rotations': False,
          'translations': False},
 'log_wandb': False,
 'logging': {'epoch_log_interval': 1,
             'level': 'INFO',
             'model_save_interval': 100},
 'model': {'egnn': {'activation': 'silu',
                    'aggregation_fn': 'sum',
                    'attention': True,
                    'coords_weight': 1.0,
                    'hidden_nf': 128,
                    'input_node_d': 1,
                    'input_theta_d': 5,
                    'latent_nf': 64,
                    'mlp_layers': 2,
                    'n_layers': 4,
                    'norm': 'layer',
                    'norm_diff': False,
                    'recurrent': True,
                    'scale_pred': True,
                    'single_layer': True,
                    'theta_nf': 64,
                    'theta_param_embd_dim': 32},
           'fm': {'k': 32,
                  'lambda_reg': 0.1,
                  'n_halos': 235,
                  'optimal_transport': True,
                  'prior': 'uniform',
                  'sigma_0': 0.0,
                  'sigma_sched': False,
                  't_embed': 'sinusoidal',
                  't_embed_dim': 64,
                  'version': 'icfm'}},
 'output': {'base_path': './results/'},
 'training': {'batch_size': 1,
              'batch_size_valid': 1,
              'checkpoint_path': None,
              'clip_value': None,
              'early_stopping': {'min_delta': 0.0001, 'patience': 9999},
              'epochs': 10000,
              'optimizer': {'weight_decay': 0},
              'scheduler': {'factor': 0.5,
                            'initial_lr': '1e-3',
                            'min_lr': 1e-08,
                            'patience': 50,
                            'target_lr': '1e-5',
                            'threshold': 0.0001,
                            'type': 'cosine',
                            'warmup_epochs': 0},
              'start_from_scratch': True},
 'wandb': {'log_freq': 50,
           'project_name': 'T256-OVF',
           'run_name': 'mlp_baseline'}}
/gpfs/home4/bartb/T256/T256-SUBBOX/src/train_ddp.py:89: FutureWarning: You are using `torch.load` with `weights_only=False` (the current default value), which uses the default pickle module implicitly. It is possible to construct malicious pickle data which will execute arbitrary code during unpickling (See https://github.com/pytorch/pytorch/blob/main/SECURITY.md#untrusted-models for more details). In a future release, the default value for `weights_only` will be flipped to `True`. This limits the functions that could be executed during unpickling. Arbitrary objects will no longer be allowed to be loaded via this mode unless they are explicitly allowlisted by the user via `torch.serialization.add_safe_globals`. We recommend you start setting `weights_only=True` for any use case where you don't have full control of the loaded file. Please open an issue on GitHub for any issues related to this experimental feature.
  sample_dict = torch.load("../../Data/subboxes/fixed_sample_subbox.pt", map_location="cpu")
[rank0]: Traceback (most recent call last):
[rank0]:   File "/gpfs/home4/bartb/T256/T256-SUBBOX/src/train_ddp.py", line 425, in <module>
[rank0]:     main()
[rank0]:   File "/gpfs/home4/bartb/T256/T256-SUBBOX/src/train_ddp.py", line 422, in main
[rank0]:     train_model(final_config, output_dir, rank, local_rank)
[rank0]:   File "/gpfs/home4/bartb/T256/T256-SUBBOX/src/train_ddp.py", line 305, in train_model
[rank0]:     train_dl, valid_dl, train_sampler, ddp_model, optimizer, decay_scheduler, start_epoch = initialize_training(config, rank, local_rank)
[rank0]:                                                                                             ^^^^^^^^^^^^^^^^^^^^^^^^^^^^^^^^^^^^^^^^^^^^^
[rank0]:   File "/gpfs/home4/bartb/T256/T256-SUBBOX/src/train_ddp.py", line 89, in initialize_training
[rank0]:     sample_dict = torch.load("../../Data/subboxes/fixed_sample_subbox.pt", map_location="cpu")
[rank0]:                   ^^^^^^^^^^^^^^^^^^^^^^^^^^^^^^^^^^^^^^^^^^^^^^^^^^^^^^^^^^^^^^^^^^^^^^^^^^^^
[rank0]:   File "/home/bartb/venvs/boids/lib/python3.11/site-packages/torch/serialization.py", line 1319, in load
[rank0]:     with _open_file_like(f, "rb") as opened_file:
[rank0]:          ^^^^^^^^^^^^^^^^^^^^^^^^
[rank0]:   File "/home/bartb/venvs/boids/lib/python3.11/site-packages/torch/serialization.py", line 659, in _open_file_like
[rank0]:     return _open_file(name_or_buffer, mode)
[rank0]:            ^^^^^^^^^^^^^^^^^^^^^^^^^^^^^^^^
[rank0]:   File "/home/bartb/venvs/boids/lib/python3.11/site-packages/torch/serialization.py", line 640, in __init__
[rank0]:     super().__init__(open(name, mode))
[rank0]:                      ^^^^^^^^^^^^^^^^
[rank0]: FileNotFoundError: [Errno 2] No such file or directory: '../../Data/subboxes/fixed_sample_subbox.pt'
[rank0]:[W507 11:36:06.394415125 ProcessGroupNCCL.cpp:1250] Warning: WARNING: process group has NOT been destroyed before we destruct ProcessGroupNCCL. On normal program exit, the application should call destroy_process_group to ensure that any pending NCCL operations have finished in this process. In rare cases this process can exit before this point and block the progress of another member of the process group. This constraint has always been present,  but this warning has only been added since PyTorch 2.4 (function operator())
E0507 11:36:07.216000 369848 /gpfs/home4/bartb/venvs/boids/lib/python3.11/site-packages/torch/distributed/elastic/multiprocessing/api.py:869] failed (exitcode: 1) local_rank: 0 (pid: 370389) of binary: /home/bartb/venvs/boids/bin/python
Traceback (most recent call last):
  File "/home/bartb/venvs/boids/bin/torchrun", line 7, in <module>
    sys.exit(main())
             ^^^^^^
  File "/home/bartb/venvs/boids/lib/python3.11/site-packages/torch/distributed/elastic/multiprocessing/errors/__init__.py", line 355, in wrapper
    return f(*args, **kwargs)
           ^^^^^^^^^^^^^^^^^^
  File "/home/bartb/venvs/boids/lib/python3.11/site-packages/torch/distributed/run.py", line 919, in main
    run(args)
  File "/home/bartb/venvs/boids/lib/python3.11/site-packages/torch/distributed/run.py", line 910, in run
    elastic_launch(
  File "/home/bartb/venvs/boids/lib/python3.11/site-packages/torch/distributed/launcher/api.py", line 138, in __call__
    return launch_agent(self._config, self._entrypoint, list(args))
           ^^^^^^^^^^^^^^^^^^^^^^^^^^^^^^^^^^^^^^^^^^^^^^^^^^^^^^^^
  File "/home/bartb/venvs/boids/lib/python3.11/site-packages/torch/distributed/launcher/api.py", line 269, in launch_agent
    raise ChildFailedError(
torch.distributed.elastic.multiprocessing.errors.ChildFailedError: 
============================================================
src/train_ddp.py FAILED
------------------------------------------------------------
Failures:
  <NO_OTHER_FAILURES>
------------------------------------------------------------
Root Cause (first observed failure):
[0]:
  time      : 2026-05-07_11:36:07
  host      : gcn47.local.snellius.surf.nl
  rank      : 0 (local_rank: 0)
  exitcode  : 1 (pid: 370389)
  error_file: <N/A>
  traceback : To enable traceback see: https://pytorch.org/docs/stable/elastic/errors.html
============================================================
