+ export MPLCONFIGDIR=/scratch-local/bartb.22566788/matplotlib
+ MPLCONFIGDIR=/scratch-local/bartb.22566788/matplotlib
+ export XDG_CACHE_HOME=/scratch-local/bartb.22566788/.cache
+ XDG_CACHE_HOME=/scratch-local/bartb.22566788/.cache
+ mkdir -p /scratch-local/bartb.22566788/matplotlib /scratch-local/bartb.22566788/.cache
+ export TORCH_DISTRIBUTED_DEBUG=DETAIL
+ TORCH_DISTRIBUTED_DEBUG=DETAIL
+ export WANDB_HTTP_TIMEOUT=60
+ WANDB_HTTP_TIMEOUT=60
+ module load 2023
+ '[' -z '' ']'
+ case "$-" in
+ __lmod_sh_dbg=x
+ '[' -n x ']'
+ set +x
Shell debugging temporarily silenced: export LMOD_SH_DBG_ON=1 for Lmod's output
Shell debugging restarted
+ unset __lmod_sh_dbg
+ return 0
+ source /gpfs/home4/bartb/venvs/boids/bin/activate
++ deactivate nondestructive
++ '[' -n '' ']'
++ '[' -n '' ']'
++ '[' -n /bin/bash -o -n '' ']'
++ hash -r
++ '[' -n '' ']'
++ unset VIRTUAL_ENV
++ unset VIRTUAL_ENV_PROMPT
++ '[' '!' nondestructive = nondestructive ']'
++ VIRTUAL_ENV=/home/bartb/venvs/boids
++ export VIRTUAL_ENV
++ _OLD_VIRTUAL_PATH=/home/bartb/.local/bin:/home/bartb/bin:/usr/hpc/bin:/opt/neovim/current/bin:/opt/ear/current/bin:/usr/local/bin:/usr/bin:/usr/local/sbin:/usr/sbin:/opt/mellanox/doca/tools/
++ PATH=/home/bartb/venvs/boids/bin:/home/bartb/.local/bin:/home/bartb/bin:/usr/hpc/bin:/opt/neovim/current/bin:/opt/ear/current/bin:/usr/local/bin:/usr/bin:/usr/local/sbin:/usr/sbin:/opt/mellanox/doca/tools/
++ export PATH
++ '[' -n '' ']'
++ '[' -z '' ']'
++ _OLD_VIRTUAL_PS1=
++ PS1='(boids) '
++ export PS1
++ VIRTUAL_ENV_PROMPT='(boids) '
++ export VIRTUAL_ENV_PROMPT
++ '[' -n /bin/bash -o -n '' ']'
++ hash -r
+ torchrun --standalone --nproc_per_node=1 src/train_ddp.py --config Configs/overfit_configs.yaml --log_wandb
Group initialized? True
host: gcn23.local.snellius.surf.nl, rank: 0, local_rank: 0
2026-05-07 17:22:03,069 - INFO - Output_dir: ./results/run_20260507_172203
2026-05-07 17:22:03,069 - INFO - Final training configuration:
{'config': 'Configs/overfit_configs.yaml',
 'data': {'cosm_param': None,
          'cosmologies_dir': '../Data/subboxes/',
          'cosmologies_info_dir': '../Data/subboxes/',
          'dataset': 'subset_5000',
          'rotations': False,
          'translations': False},
 'log_wandb': True,
 'logging': {'epoch_log_interval': 1,
             'level': 'INFO',
             'model_save_interval': 100},
 'model': {'egnn': {'activation': 'silu',
                    'aggregation_fn': 'sum',
                    'attention': True,
                    'coords_weight': 1.0,
                    'hidden_nf': 128,
                    'input_node_d': 2,
                    'input_theta_d': 5,
                    'latent_nf': 64,
                    'mlp_layers': 2,
                    'n_layers': 4,
                    'norm': 'layer',
                    'norm_diff': False,
                    'recurrent': True,
                    'scale_pred': True,
                    'single_layer': True,
                    'theta_nf': 64,
                    'theta_param_embd_dim': 32},
           'fm': {'k': 32,
                  'lambda_reg': 0.1,
                  'optimal_transport': True,
                  'prior': 'uniform',
                  'r': 0.3,
                  'sigma_0': 0.0,
                  'sigma_sched': False,
                  't_embed': 'sinusoidal',
                  't_embed_dim': 64,
                  'version': 'icfm'}},
 'output': {'base_path': './results/'},
 'training': {'batch_size': 4,
              'batch_size_valid': 4,
              'checkpoint_path': None,
              'clip_value': None,
              'early_stopping': {'min_delta': 0.0001, 'patience': 9999},
              'epochs': 10000,
              'optimizer': {'weight_decay': 0},
              'scheduler': {'factor': 0.5,
                            'initial_lr': '1e-3',
                            'min_lr': 1e-08,
                            'patience': 50,
                            'target_lr': '1e-5',
                            'threshold': 0.0001,
                            'type': 'cosine',
                            'warmup_epochs': 0},
              'start_from_scratch': True},
 'wandb': {'log_freq': 50,
           'project_name': 'T256-SUBBOX',
           'run_name': 'egnn_mass'}}
wandb: Currently logged in as: bart-bronsgeest (bart-bronsgeest-eindhoven-university-of-technology) to https://api.wandb.ai. Use `wandb login --relogin` to force relogin
wandb: Tracking run with wandb version 0.23.1
wandb: Run data is saved locally in /gpfs/home4/bartb/T256/T256-SUBBOX/wandb/run-20260507_172203-b65uht9j
wandb: Run `wandb offline` to turn off syncing.
wandb: Syncing run egnn_mass
wandb: ⭐️ View project at https://wandb.ai/bart-bronsgeest-eindhoven-university-of-technology/T256-SUBBOX
wandb: 🚀 View run at https://wandb.ai/bart-bronsgeest-eindhoven-university-of-technology/T256-SUBBOX/runs/b65uht9j
/home/bartb/venvs/boids/lib/python3.11/site-packages/torch/utils/data/dataloader.py:617: UserWarning: This DataLoader will create 72 worker processes in total. Our suggested max number of worker in current system is 18, which is smaller than what this DataLoader is going to create. Please be aware that excessive worker creation might get DataLoader running slow or even freeze, lower the worker number to avoid potential slowness/freeze if necessary.
  warnings.warn(

        Initializing Flow Matching model with:
        - sigma_0: 0.0
        - sigma_sched: False
        - t_embed_dim: 64
        - version: icfm
        - batch_size: 4
        - prior: uniform
        - k: 32
        - r: 0.3
        - optimal_transport: True
        - t_embed: sinusoidal
        - dim: 3
              
2026-05-07 17:22:05,478 - INFO - Number of trainable parameters: 538698
2026-05-07 17:22:05,481 - INFO - Model architecture: DistributedDataParallel(
  (module): FlowMatching(
    (vnet): EGNN(
      (h_embed): MLP(
        (layer): Linear(in_features=2, out_features=64, bias=True)
      )
      (theta_embed): SinusoidalThetaEmbedding()
      (global_attr_projection): Linear(in_features=224, out_features=64, bias=True)
      (mass_readout): MLP(
        (mlp): Sequential(
          (0): Linear(in_features=64, out_features=128, bias=True)
          (1): SiLU()
          (2): Linear(in_features=128, out_features=128, bias=True)
          (3): SiLU()
          (4): Linear(in_features=128, out_features=1, bias=True)
        )
      )
      (layers): ModuleList(
        (0-3): 4 x EGCL(
          (activation): SiLU()
          (edge_mlp): MLP(
            (mlp): Sequential(
              (0): Linear(in_features=196, out_features=128, bias=True)
              (1): SiLU()
              (2): Linear(in_features=128, out_features=128, bias=True)
              (3): SiLU()
              (4): Linear(in_features=128, out_features=64, bias=True)
            )
          )
          (node_mlp): MLP(
            (mlp): Sequential(
              (0): Linear(in_features=192, out_features=128, bias=True)
              (1): SiLU()
              (2): Linear(in_features=128, out_features=128, bias=True)
              (3): SiLU()
              (4): Linear(in_features=128, out_features=64, bias=True)
            )
          )
          (node_norm): LayerNorm((64,), eps=1e-05, elementwise_affine=True)
          (coord_mlp): Sequential(
            (0): Linear(in_features=128, out_features=128, bias=True)
            (1): SiLU()
            (2): Linear(in_features=128, out_features=1, bias=False)
          )
          (attn_mlp): Sequential(
            (0): Linear(in_features=64, out_features=128, bias=True)
            (1): SiLU()
            (2): Linear(in_features=128, out_features=1, bias=True)
          )
        )
      )
      (theta_predictor): Linear(in_features=64, out_features=5, bias=True)
    )
    (time_mlp): Linear(in_features=1, out_features=64, bias=True)
    (sinusoidal_time_embedding): SinusoidalTimeEmbedding()
  )
)
2026-05-07 17:22:05,486 - INFO - Started training
2026-05-07 17:25:58,484 - INFO - Epoch 1, Total: 0.020142, Pos: 0.006433, Mass: 0.009503
2026-05-07 17:26:15,697 - INFO - Epoch 1, Validation loss: 0.01604490989973401
2026-05-07 17:30:09,419 - INFO - Epoch 2, Total: 0.016495, Pos: 0.005436, Mass: 0.008985
2026-05-07 17:30:26,708 - INFO - Epoch 2, Validation loss: 0.016227787487098112
2026-05-07 17:34:20,569 - INFO - Epoch 3, Total: 0.015964, Pos: 0.007669, Mass: 0.006412
2026-05-07 17:34:37,659 - INFO - Epoch 3, Validation loss: 0.015337017190794909
2026-05-07 17:38:31,093 - INFO - Epoch 4, Total: 0.015573, Pos: 0.005583, Mass: 0.007262
2026-05-07 17:38:48,182 - INFO - Epoch 4, Validation loss: 0.01506918603297315
2026-05-07 17:42:41,916 - INFO - Epoch 5, Total: 0.015375, Pos: 0.005947, Mass: 0.007129
2026-05-07 17:42:59,225 - INFO - Epoch 5, Validation loss: 0.014967904859192811
2026-05-07 17:46:54,298 - INFO - Epoch 6, Total: 0.083185, Pos: 0.009001, Mass: 0.014507
2026-05-07 17:47:11,348 - INFO - Epoch 6, Validation loss: 0.02029492612730419
2026-05-07 17:51:04,978 - INFO - Epoch 7, Total: 0.020352, Pos: 0.005670, Mass: 0.014338
2026-05-07 17:51:22,324 - INFO - Epoch 7, Validation loss: 0.01979937812119659
2026-05-07 17:55:15,480 - INFO - Epoch 8, Total: 0.019850, Pos: 0.006047, Mass: 0.015151
2026-05-07 17:55:32,636 - INFO - Epoch 8, Validation loss: 0.019856838675536167
2026-05-07 17:59:27,006 - INFO - Epoch 9, Total: 0.019749, Pos: 0.005520, Mass: 0.015362
2026-05-07 17:59:44,115 - INFO - Epoch 9, Validation loss: 0.01948077791625527
2026-05-07 18:03:39,694 - INFO - Epoch 10, Total: 0.019608, Pos: 0.005465, Mass: 0.013139
2026-05-07 18:03:57,628 - INFO - Epoch 10, Validation loss: 0.01968897166493845
2026-05-07 18:07:52,738 - INFO - Epoch 11, Total: 0.019753, Pos: 0.006017, Mass: 0.014485
2026-05-07 18:08:09,994 - INFO - Epoch 11, Validation loss: 0.019600335484857012
2026-05-07 18:12:04,298 - INFO - Epoch 12, Total: 0.019589, Pos: 0.005391, Mass: 0.013292
2026-05-07 18:12:58,292 - INFO - Epoch 12, Validation loss: 0.019428948173793766
2026-05-07 18:16:52,228 - INFO - Epoch 13, Total: 0.019557, Pos: 0.004976, Mass: 0.012601
2026-05-07 18:17:09,455 - INFO - Epoch 13, Validation loss: 0.019370836267077744
2026-05-07 18:21:03,148 - INFO - Epoch 14, Total: 0.019591, Pos: 0.005304, Mass: 0.013417
2026-05-07 18:21:20,501 - INFO - Epoch 14, Validation loss: 0.0195755758134929
2026-05-07 18:25:13,833 - INFO - Epoch 15, Total: 0.019540, Pos: 0.005194, Mass: 0.013313
2026-05-07 18:25:30,964 - INFO - Epoch 15, Validation loss: 0.019446909566055944
2026-05-07 18:29:24,947 - INFO - Epoch 16, Total: 0.019507, Pos: 0.005792, Mass: 0.014720
2026-05-07 18:29:42,117 - INFO - Epoch 16, Validation loss: 0.019419826207298888
2026-05-07 18:33:37,537 - INFO - Epoch 17, Total: 0.019520, Pos: 0.005706, Mass: 0.014878
2026-05-07 18:33:54,778 - INFO - Epoch 17, Validation loss: 0.019373060811129092
2026-05-07 18:37:48,758 - INFO - Epoch 18, Total: 0.019495, Pos: 0.005883, Mass: 0.013182
2026-05-07 18:38:06,095 - INFO - Epoch 18, Validation loss: 0.0193925973407592
2026-05-07 18:42:00,751 - INFO - Epoch 19, Total: 0.019475, Pos: 0.005414, Mass: 0.013218
2026-05-07 18:42:17,857 - INFO - Epoch 19, Validation loss: 0.01938327894627162
2026-05-07 18:46:11,953 - INFO - Epoch 20, Total: 0.019555, Pos: 0.004636, Mass: 0.014206
2026-05-07 18:46:29,139 - INFO - Epoch 20, Validation loss: 0.01944363428449808
2026-05-07 18:50:23,532 - INFO - Epoch 21, Total: 0.019485, Pos: 0.005027, Mass: 0.012144
2026-05-07 18:50:41,384 - INFO - Epoch 21, Validation loss: 0.019324354076018506
2026-05-07 18:54:35,524 - INFO - Epoch 22, Total: 0.019457, Pos: 0.005371, Mass: 0.014309
2026-05-07 18:54:55,609 - INFO - Epoch 22, Validation loss: 0.019484568327950064
2026-05-07 18:58:49,264 - INFO - Epoch 23, Total: 0.019469, Pos: 0.005582, Mass: 0.014107
2026-05-07 18:59:06,501 - INFO - Epoch 23, Validation loss: 0.01935943383367578
2026-05-07 19:03:02,492 - INFO - Epoch 24, Total: 0.018974, Pos: 0.005662, Mass: 0.011152
2026-05-07 19:03:19,691 - INFO - Epoch 24, Validation loss: 0.015675125218484937
2026-05-07 19:07:13,732 - INFO - Epoch 25, Total: 0.015361, Pos: 0.006401, Mass: 0.011935
2026-05-07 19:07:30,929 - INFO - Epoch 25, Validation loss: 0.015162236658330303
2026-05-07 19:11:24,967 - INFO - Epoch 26, Total: 0.015166, Pos: 0.004990, Mass: 0.008713
2026-05-07 19:11:42,431 - INFO - Epoch 26, Validation loss: 0.01495295427067328
2026-05-07 19:15:37,409 - INFO - Epoch 27, Total: 0.015042, Pos: 0.005168, Mass: 0.010370
2026-05-07 19:15:54,565 - INFO - Epoch 27, Validation loss: 0.014848793142983362
2026-05-07 19:19:48,056 - INFO - Epoch 28, Total: 0.015027, Pos: 0.004917, Mass: 0.010755
2026-05-07 19:20:05,504 - INFO - Epoch 28, Validation loss: 0.014968067205920341
2026-05-07 19:24:00,911 - INFO - Epoch 29, Total: 0.015007, Pos: 0.005696, Mass: 0.005326
2026-05-07 19:24:18,069 - INFO - Epoch 29, Validation loss: 0.01496175961715274
2026-05-07 19:28:13,071 - INFO - Epoch 30, Total: 0.014982, Pos: 0.004927, Mass: 0.008523
2026-05-07 19:28:30,342 - INFO - Epoch 30, Validation loss: 0.014847989528263956
2026-05-07 19:32:24,836 - INFO - Epoch 31, Total: 0.014975, Pos: 0.005494, Mass: 0.009138
2026-05-07 19:32:43,549 - INFO - Epoch 31, Validation loss: 0.015004423094988503
2026-05-07 19:36:37,554 - INFO - Epoch 32, Total: 0.014954, Pos: 0.006268, Mass: 0.007502
2026-05-07 19:36:54,862 - INFO - Epoch 32, Validation loss: 0.014874512952556656
2026-05-07 19:40:49,502 - INFO - Epoch 33, Total: 0.014972, Pos: 0.005555, Mass: 0.009033
2026-05-07 19:41:06,749 - INFO - Epoch 33, Validation loss: 0.014909571119744306
2026-05-07 19:45:01,137 - INFO - Epoch 34, Total: 0.014950, Pos: 0.005601, Mass: 0.011018
2026-05-07 19:45:18,364 - INFO - Epoch 34, Validation loss: 0.014833348079519287
2026-05-07 19:49:12,354 - INFO - Epoch 35, Total: 0.014920, Pos: 0.005305, Mass: 0.010373
2026-05-07 19:49:29,839 - INFO - Epoch 35, Validation loss: 0.014672794468273782
2026-05-07 19:53:23,930 - INFO - Epoch 36, Total: 0.014922, Pos: 0.005513, Mass: 0.007383
2026-05-07 19:53:41,118 - INFO - Epoch 36, Validation loss: 0.014866479678423541
2026-05-07 19:57:35,709 - INFO - Epoch 37, Total: 0.014925, Pos: 0.005183, Mass: 0.009658
2026-05-07 19:57:53,111 - INFO - Epoch 37, Validation loss: 0.014800345036744945
2026-05-07 20:01:47,130 - INFO - Epoch 38, Total: 0.014891, Pos: 0.005562, Mass: 0.008871
2026-05-07 20:02:04,213 - INFO - Epoch 38, Validation loss: 0.014853925987951568
2026-05-07 20:05:58,524 - INFO - Epoch 39, Total: 0.014957, Pos: 0.005116, Mass: 0.008554
2026-05-07 20:06:15,727 - INFO - Epoch 39, Validation loss: 0.014807755730634914
2026-05-07 20:10:09,088 - INFO - Epoch 40, Total: 0.014893, Pos: 0.004913, Mass: 0.009957
2026-05-07 20:10:26,376 - INFO - Epoch 40, Validation loss: 0.014823497395622377
2026-05-07 20:14:20,871 - INFO - Epoch 41, Total: 0.014920, Pos: 0.004954, Mass: 0.008291
2026-05-07 20:14:37,935 - INFO - Epoch 41, Validation loss: 0.014838110443971845
2026-05-07 20:18:33,294 - INFO - Epoch 42, Total: 0.014907, Pos: 0.006246, Mass: 0.010077
2026-05-07 20:18:50,528 - INFO - Epoch 42, Validation loss: 0.014728258810779217
2026-05-07 20:22:44,913 - INFO - Epoch 43, Total: 0.014884, Pos: 0.005623, Mass: 0.009468
2026-05-07 20:23:02,368 - INFO - Epoch 43, Validation loss: 0.01481117011144789
2026-05-07 20:26:56,491 - INFO - Epoch 44, Total: 0.014927, Pos: 0.005538, Mass: 0.011733
2026-05-07 20:27:13,576 - INFO - Epoch 44, Validation loss: 0.014899462619657982
2026-05-07 20:31:07,058 - INFO - Epoch 45, Total: 0.014900, Pos: 0.005347, Mass: 0.010361
2026-05-07 20:31:24,464 - INFO - Epoch 45, Validation loss: 0.014947392742471836
2026-05-07 20:35:18,991 - INFO - Epoch 46, Total: 0.014893, Pos: 0.005262, Mass: 0.012212
2026-05-07 20:35:36,110 - INFO - Epoch 46, Validation loss: 0.014768441193865616
2026-05-07 20:39:30,720 - INFO - Epoch 47, Total: 0.014900, Pos: 0.005823, Mass: 0.008437
2026-05-07 20:39:48,038 - INFO - Epoch 47, Validation loss: 0.014821411039276868
2026-05-07 20:43:42,237 - INFO - Epoch 48, Total: 0.014873, Pos: 0.005125, Mass: 0.008919
2026-05-07 20:43:59,330 - INFO - Epoch 48, Validation loss: 0.014743241631760086
2026-05-07 20:47:54,595 - INFO - Epoch 49, Total: 0.014870, Pos: 0.005202, Mass: 0.008677
2026-05-07 20:48:12,167 - INFO - Epoch 49, Validation loss: 0.014794056616217341
2026-05-07 20:52:06,761 - INFO - Epoch 50, Total: 0.014882, Pos: 0.005306, Mass: 0.009573
2026-05-07 20:52:24,017 - INFO - Epoch 50, Validation loss: 0.01470121588051762
2026-05-07 20:56:18,986 - INFO - Epoch 51, Total: 0.014880, Pos: 0.005177, Mass: 0.008730
2026-05-07 20:56:36,325 - INFO - Epoch 51, Validation loss: 0.014796869226211323
2026-05-07 21:00:30,865 - INFO - Epoch 52, Total: 0.014888, Pos: 0.005201, Mass: 0.010314
2026-05-07 21:00:47,995 - INFO - Epoch 52, Validation loss: 0.014789849203356764
2026-05-07 21:04:42,614 - INFO - Epoch 53, Total: 0.014888, Pos: 0.005293, Mass: 0.012882
2026-05-07 21:05:02,137 - INFO - Epoch 53, Validation loss: 0.014836794196483689
2026-05-07 21:08:56,028 - INFO - Epoch 54, Total: 0.014902, Pos: 0.004697, Mass: 0.011953
2026-05-07 21:09:13,237 - INFO - Epoch 54, Validation loss: 0.014769882430379811
2026-05-07 21:13:07,999 - INFO - Epoch 55, Total: 0.014858, Pos: 0.004700, Mass: 0.011223
2026-05-07 21:13:25,290 - INFO - Epoch 55, Validation loss: 0.014831537141557586
2026-05-07 21:17:20,718 - INFO - Epoch 56, Total: 0.014943, Pos: 0.005269, Mass: 0.007394
2026-05-07 21:17:37,902 - INFO - Epoch 56, Validation loss: 0.014727310538529211
2026-05-07 21:21:31,611 - INFO - Epoch 57, Total: 0.014878, Pos: 0.004941, Mass: 0.012016
2026-05-07 21:21:48,683 - INFO - Epoch 57, Validation loss: 0.014764284503482076
2026-05-07 21:25:44,474 - INFO - Epoch 58, Total: 0.014866, Pos: 0.004910, Mass: 0.009679
2026-05-07 21:26:01,792 - INFO - Epoch 58, Validation loss: 0.014678356492785132
2026-05-07 21:29:56,450 - INFO - Epoch 59, Total: 0.014875, Pos: 0.004842, Mass: 0.010049
2026-05-07 21:30:13,689 - INFO - Epoch 59, Validation loss: 0.014785874967172647
2026-05-07 21:34:07,144 - INFO - Epoch 60, Total: 0.014867, Pos: 0.005585, Mass: 0.007712
2026-05-07 21:34:24,424 - INFO - Epoch 60, Validation loss: 0.014664458802994143
2026-05-07 21:38:18,644 - INFO - Epoch 61, Total: 0.014884, Pos: 0.004959, Mass: 0.012397
2026-05-07 21:38:36,803 - INFO - Epoch 61, Validation loss: 0.014708989291924454
2026-05-07 21:42:31,330 - INFO - Epoch 62, Total: 0.014842, Pos: 0.005985, Mass: 0.007129
2026-05-07 21:42:48,430 - INFO - Epoch 62, Validation loss: 0.015012046523914215
2026-05-07 21:46:42,569 - INFO - Epoch 63, Total: 0.014844, Pos: 0.005660, Mass: 0.007682
2026-05-07 21:47:01,221 - INFO - Epoch 63, Validation loss: 0.01479328594579818
2026-05-07 21:50:55,801 - INFO - Epoch 64, Total: 0.014861, Pos: 0.005168, Mass: 0.010131
2026-05-07 21:51:12,969 - INFO - Epoch 64, Validation loss: 0.014973925511627567
2026-05-07 21:55:06,604 - INFO - Epoch 65, Total: 0.014851, Pos: 0.005679, Mass: 0.007947
2026-05-07 21:55:24,004 - INFO - Epoch 65, Validation loss: 0.014691735010776044
2026-05-07 21:59:18,194 - INFO - Epoch 66, Total: 0.014824, Pos: 0.004602, Mass: 0.008155
2026-05-07 21:59:37,878 - INFO - Epoch 66, Validation loss: 0.014837345699611617
2026-05-07 22:03:31,476 - INFO - Epoch 67, Total: 0.014809, Pos: 0.005170, Mass: 0.011267
2026-05-07 22:03:48,784 - INFO - Epoch 67, Validation loss: 0.014753532866826735
2026-05-07 22:07:42,724 - INFO - Epoch 68, Total: 0.014867, Pos: 0.005191, Mass: 0.004564
2026-05-07 22:07:59,908 - INFO - Epoch 68, Validation loss: 0.014717001667653553
2026-05-07 22:11:54,517 - INFO - Epoch 69, Total: 0.014840, Pos: 0.005425, Mass: 0.008932
2026-05-07 22:12:11,630 - INFO - Epoch 69, Validation loss: 0.014731976320282923
2026-05-07 22:16:07,385 - INFO - Epoch 70, Total: 0.014829, Pos: 0.005019, Mass: 0.008109
2026-05-07 22:16:24,755 - INFO - Epoch 70, Validation loss: 0.014705738889136512
2026-05-07 22:20:18,789 - INFO - Epoch 71, Total: 0.014837, Pos: 0.005100, Mass: 0.011322
2026-05-07 22:20:35,909 - INFO - Epoch 71, Validation loss: 0.014811551763879771
2026-05-07 22:24:30,192 - INFO - Epoch 72, Total: 0.014832, Pos: 0.004151, Mass: 0.011421
2026-05-07 22:24:47,268 - INFO - Epoch 72, Validation loss: 0.014722785052315444
2026-05-07 22:28:41,096 - INFO - Epoch 73, Total: 0.014811, Pos: 0.005900, Mass: 0.012702
2026-05-07 22:28:58,314 - INFO - Epoch 73, Validation loss: 0.01473782459301617
2026-05-07 22:32:51,914 - INFO - Epoch 74, Total: 0.014809, Pos: 0.005594, Mass: 0.010969
2026-05-07 22:33:09,090 - INFO - Epoch 74, Validation loss: 0.014816758125988793
2026-05-07 22:37:03,686 - INFO - Epoch 75, Total: 0.014840, Pos: 0.006026, Mass: 0.006257
2026-05-07 22:37:21,070 - INFO - Epoch 75, Validation loss: 0.014665570758646967
2026-05-07 22:41:16,423 - INFO - Epoch 76, Total: 0.014793, Pos: 0.005230, Mass: 0.007770
2026-05-07 22:41:33,615 - INFO - Epoch 76, Validation loss: 0.01471929847324097
2026-05-07 22:45:27,769 - INFO - Epoch 77, Total: 0.014880, Pos: 0.004790, Mass: 0.010687
2026-05-07 22:45:44,980 - INFO - Epoch 77, Validation loss: 0.01475434324006113
2026-05-07 22:49:39,215 - INFO - Epoch 78, Total: 0.014826, Pos: 0.006071, Mass: 0.008433
2026-05-07 22:49:56,577 - INFO - Epoch 78, Validation loss: 0.01477520083000136
2026-05-07 22:53:50,186 - INFO - Epoch 79, Total: 0.014861, Pos: 0.006006, Mass: 0.010942
2026-05-07 22:54:07,654 - INFO - Epoch 79, Validation loss: 0.014752303465662994
2026-05-07 22:58:01,271 - INFO - Epoch 80, Total: 0.014833, Pos: 0.005939, Mass: 0.008738
2026-05-07 22:58:18,520 - INFO - Epoch 80, Validation loss: 0.014762511811043173
2026-05-07 23:02:14,485 - INFO - Epoch 81, Total: 0.014834, Pos: 0.005482, Mass: 0.008747
2026-05-07 23:02:31,689 - INFO - Epoch 81, Validation loss: 0.01483809404794894
2026-05-07 23:06:26,053 - INFO - Epoch 82, Total: 0.014822, Pos: 0.004667, Mass: 0.009837
2026-05-07 23:06:43,209 - INFO - Epoch 82, Validation loss: 0.014786158041779403
2026-05-07 23:10:37,534 - INFO - Epoch 83, Total: 0.014816, Pos: 0.005259, Mass: 0.010351
2026-05-07 23:10:55,211 - INFO - Epoch 83, Validation loss: 0.014730891195025034
2026-05-07 23:14:52,026 - INFO - Epoch 84, Total: 0.014802, Pos: 0.006113, Mass: 0.008720
2026-05-07 23:15:10,872 - INFO - Epoch 84, Validation loss: 0.014760743294725879
2026-05-07 23:19:06,881 - INFO - Epoch 85, Total: 0.014800, Pos: 0.005052, Mass: 0.009296
2026-05-07 23:19:24,364 - INFO - Epoch 85, Validation loss: 0.014638817477615395
2026-05-07 23:23:19,191 - INFO - Epoch 86, Total: 0.014864, Pos: 0.005790, Mass: 0.010295
2026-05-07 23:23:36,508 - INFO - Epoch 86, Validation loss: 0.014806867786732576
2026-05-07 23:27:31,539 - INFO - Epoch 87, Total: 0.014776, Pos: 0.005896, Mass: 0.009980
2026-05-07 23:27:50,086 - INFO - Epoch 87, Validation loss: 0.014750712387058133
2026-05-07 23:31:45,380 - INFO - Epoch 88, Total: 0.014846, Pos: 0.005407, Mass: 0.008955
2026-05-07 23:32:02,568 - INFO - Epoch 88, Validation loss: 0.014790895286227741
2026-05-07 23:35:57,283 - INFO - Epoch 89, Total: 0.014784, Pos: 0.005400, Mass: 0.009543
2026-05-07 23:36:14,916 - INFO - Epoch 89, Validation loss: 0.014729681523663097
2026-05-07 23:40:09,451 - INFO - Epoch 90, Total: 0.014803, Pos: 0.005646, Mass: 0.007022
2026-05-07 23:40:27,233 - INFO - Epoch 90, Validation loss: 0.014727133023700897
2026-05-07 23:44:22,951 - INFO - Epoch 91, Total: 0.014780, Pos: 0.005247, Mass: 0.008316
2026-05-07 23:44:40,171 - INFO - Epoch 91, Validation loss: 0.0147312336547929
2026-05-07 23:48:34,605 - INFO - Epoch 92, Total: 0.014859, Pos: 0.006775, Mass: 0.009935
2026-05-07 23:48:51,940 - INFO - Epoch 92, Validation loss: 0.014874314418707178
2026-05-07 23:52:46,641 - INFO - Epoch 93, Total: 0.014835, Pos: 0.005094, Mass: 0.009548
2026-05-07 23:53:04,338 - INFO - Epoch 93, Validation loss: 0.014755870118705583
2026-05-07 23:57:00,209 - INFO - Epoch 94, Total: 0.014847, Pos: 0.005190, Mass: 0.009993
2026-05-07 23:57:17,553 - INFO - Epoch 94, Validation loss: 0.014596626115073064
2026-05-08 00:01:11,614 - INFO - Epoch 95, Total: 0.014816, Pos: 0.005321, Mass: 0.009911
2026-05-08 00:01:29,150 - INFO - Epoch 95, Validation loss: 0.014747719159804586
2026-05-08 00:05:24,402 - INFO - Epoch 96, Total: 0.014826, Pos: 0.006047, Mass: 0.011489
2026-05-08 00:05:41,733 - INFO - Epoch 96, Validation loss: 0.01477525956066614
2026-05-08 00:09:36,441 - INFO - Epoch 97, Total: 0.014827, Pos: 0.005838, Mass: 0.009104
2026-05-08 00:09:53,784 - INFO - Epoch 97, Validation loss: 0.014606585350449171
2026-05-08 00:13:49,617 - INFO - Epoch 98, Total: 0.014788, Pos: 0.005207, Mass: 0.008015
2026-05-08 00:14:08,199 - INFO - Epoch 98, Validation loss: 0.01476794019570839
2026-05-08 00:18:03,440 - INFO - Epoch 99, Total: 0.014822, Pos: 0.005528, Mass: 0.010633
2026-05-08 00:18:22,140 - INFO - Epoch 99, Validation loss: 0.014758663204540112
2026-05-08 00:22:18,455 - INFO - Epoch 100, Total: 0.014836, Pos: 0.004713, Mass: 0.008373
2026-05-08 00:22:36,748 - INFO - Epoch 100, Validation loss: 0.014733468099337095
2026-05-08 00:26:33,207 - INFO - Epoch 101, Total: 0.014839, Pos: 0.004854, Mass: 0.008443
2026-05-08 00:26:50,823 - INFO - Epoch 101, Validation loss: 0.014655430342472157
2026-05-08 00:30:46,089 - INFO - Epoch 102, Total: 0.014808, Pos: 0.004604, Mass: 0.007766
2026-05-08 00:31:04,561 - INFO - Epoch 102, Validation loss: 0.014682194570004307
2026-05-08 00:35:00,746 - INFO - Epoch 103, Total: 0.014813, Pos: 0.004966, Mass: 0.009701
2026-05-08 00:35:18,179 - INFO - Epoch 103, Validation loss: 0.01469044119412289
2026-05-08 00:39:13,229 - INFO - Epoch 104, Total: 0.014823, Pos: 0.005115, Mass: 0.007225
2026-05-08 00:39:30,557 - INFO - Epoch 104, Validation loss: 0.014642413899365757
2026-05-08 00:43:25,990 - INFO - Epoch 105, Total: 0.014818, Pos: 0.005538, Mass: 0.008421
2026-05-08 00:43:43,651 - INFO - Epoch 105, Validation loss: 0.014831352878100933
2026-05-08 00:47:40,487 - INFO - Epoch 106, Total: 0.014757, Pos: 0.006360, Mass: 0.008033
2026-05-08 00:47:58,845 - INFO - Epoch 106, Validation loss: 0.014733006082269543
2026-05-08 00:51:54,750 - INFO - Epoch 107, Total: 0.014830, Pos: 0.005840, Mass: 0.008112
2026-05-08 00:52:12,974 - INFO - Epoch 107, Validation loss: 0.014692496913712622
2026-05-08 00:56:08,539 - INFO - Epoch 108, Total: 0.016554, Pos: 0.005352, Mass: 0.014759
2026-05-08 00:56:26,277 - INFO - Epoch 108, Validation loss: 0.019386196797693864
2026-05-08 01:00:23,649 - INFO - Epoch 109, Total: 0.016284, Pos: 0.005731, Mass: 0.011755
2026-05-08 01:00:41,112 - INFO - Epoch 109, Validation loss: 0.01472610368288563
2026-05-08 01:04:37,024 - INFO - Epoch 110, Total: 0.014813, Pos: 0.005352, Mass: 0.006555
2026-05-08 01:04:54,457 - INFO - Epoch 110, Validation loss: 0.0147450825954825
2026-05-08 01:08:49,894 - INFO - Epoch 111, Total: 0.014841, Pos: 0.004946, Mass: 0.009263
2026-05-08 01:09:07,373 - INFO - Epoch 111, Validation loss: 0.014684113873576156
2026-05-08 01:13:02,804 - INFO - Epoch 112, Total: 0.014797, Pos: 0.005035, Mass: 0.009137
2026-05-08 01:13:23,550 - INFO - Epoch 112, Validation loss: 0.014708655480999349
2026-05-08 01:17:19,762 - INFO - Epoch 113, Total: 0.014793, Pos: 0.004859, Mass: 0.009319
2026-05-08 01:17:37,345 - INFO - Epoch 113, Validation loss: 0.014687176390438322
2026-05-08 01:21:32,969 - INFO - Epoch 114, Total: 0.014807, Pos: 0.005331, Mass: 0.010711
2026-05-08 01:21:50,333 - INFO - Epoch 114, Validation loss: 0.014839916260648052
2026-05-08 01:25:44,541 - INFO - Epoch 115, Total: 0.014835, Pos: 0.004723, Mass: 0.009503
2026-05-08 01:26:01,820 - INFO - Epoch 115, Validation loss: 0.014680019874450001
2026-05-08 01:29:56,361 - INFO - Epoch 116, Total: 0.014815, Pos: 0.006102, Mass: 0.010364
2026-05-08 01:30:13,718 - INFO - Epoch 116, Validation loss: 0.014751385887511343
2026-05-08 01:34:08,594 - INFO - Epoch 117, Total: 0.014824, Pos: 0.004868, Mass: 0.010424
2026-05-08 01:34:25,812 - INFO - Epoch 117, Validation loss: 0.014636656805287628
2026-05-08 01:38:20,936 - INFO - Epoch 118, Total: 0.014766, Pos: 0.006115, Mass: 0.010041
2026-05-08 01:38:40,286 - INFO - Epoch 118, Validation loss: 0.014719606149791406
2026-05-08 01:42:34,585 - INFO - Epoch 119, Total: 0.014796, Pos: 0.005129, Mass: 0.011595
2026-05-08 01:42:51,822 - INFO - Epoch 119, Validation loss: 0.014686448989938271
2026-05-08 01:46:46,587 - INFO - Epoch 120, Total: 0.014817, Pos: 0.006113, Mass: 0.010120
2026-05-08 01:47:04,160 - INFO - Epoch 120, Validation loss: 0.014785876054704316
2026-05-08 01:50:59,630 - INFO - Epoch 121, Total: 0.014796, Pos: 0.005089, Mass: 0.009827
2026-05-08 01:51:16,858 - INFO - Epoch 121, Validation loss: 0.014761983031395134
2026-05-08 01:55:12,356 - INFO - Epoch 122, Total: 0.014828, Pos: 0.006115, Mass: 0.009923
2026-05-08 01:55:29,655 - INFO - Epoch 122, Validation loss: 0.014797778030948401
2026-05-08 01:59:24,444 - INFO - Epoch 123, Total: 0.014821, Pos: 0.005083, Mass: 0.009422
2026-05-08 01:59:42,137 - INFO - Epoch 123, Validation loss: 0.0148364804554612
2026-05-08 02:03:35,947 - INFO - Epoch 124, Total: 0.014815, Pos: 0.006053, Mass: 0.010282
2026-05-08 02:03:53,106 - INFO - Epoch 124, Validation loss: 0.014650661452829585
2026-05-08 02:07:47,143 - INFO - Epoch 125, Total: 0.014805, Pos: 0.005318, Mass: 0.008729
2026-05-08 02:08:04,673 - INFO - Epoch 125, Validation loss: 0.014762384504586015
2026-05-08 02:11:59,393 - INFO - Epoch 126, Total: 0.014798, Pos: 0.005318, Mass: 0.009513
2026-05-08 02:12:18,371 - INFO - Epoch 126, Validation loss: 0.014679331447130302
2026-05-08 02:16:13,133 - INFO - Epoch 127, Total: 0.014828, Pos: 0.005029, Mass: 0.008378
2026-05-08 02:16:30,482 - INFO - Epoch 127, Validation loss: 0.014738438720172251
2026-05-08 02:20:25,640 - INFO - Epoch 128, Total: 0.014816, Pos: 0.004769, Mass: 0.008802
2026-05-08 02:20:43,168 - INFO - Epoch 128, Validation loss: 0.014771113905763043
2026-05-08 02:24:38,647 - INFO - Epoch 129, Total: 0.014784, Pos: 0.005281, Mass: 0.011679
2026-05-08 02:24:56,010 - INFO - Epoch 129, Validation loss: 0.014683338825347697
2026-05-08 02:28:50,644 - INFO - Epoch 130, Total: 0.014815, Pos: 0.006102, Mass: 0.009062
2026-05-08 02:29:07,796 - INFO - Epoch 130, Validation loss: 0.014669571912228554
2026-05-08 02:33:02,287 - INFO - Epoch 131, Total: 0.014814, Pos: 0.004632, Mass: 0.010839
2026-05-08 02:33:21,853 - INFO - Epoch 131, Validation loss: 0.014684394175965822
2026-05-08 02:37:16,029 - INFO - Epoch 132, Total: 0.014805, Pos: 0.004790, Mass: 0.009313
2026-05-08 02:37:33,297 - INFO - Epoch 132, Validation loss: 0.014845011931806486
2026-05-08 02:41:28,945 - INFO - Epoch 133, Total: 0.014785, Pos: 0.005617, Mass: 0.007797
2026-05-08 02:41:46,124 - INFO - Epoch 133, Validation loss: 0.014671239434423087
2026-05-08 02:45:41,443 - INFO - Epoch 134, Total: 0.014824, Pos: 0.004902, Mass: 0.009372
2026-05-08 02:45:58,887 - INFO - Epoch 134, Validation loss: 0.014697597207869314
2026-05-08 02:49:53,253 - INFO - Epoch 135, Total: 0.014799, Pos: 0.005387, Mass: 0.010043
2026-05-08 02:50:10,492 - INFO - Epoch 135, Validation loss: 0.01479074548763834
2026-05-08 02:54:05,432 - INFO - Epoch 136, Total: 0.014788, Pos: 0.005107, Mass: 0.010309
2026-05-08 02:54:23,751 - INFO - Epoch 136, Validation loss: 0.014724666033248613
2026-05-08 02:58:18,944 - INFO - Epoch 137, Total: 0.014784, Pos: 0.005488, Mass: 0.010135
2026-05-08 02:58:36,376 - INFO - Epoch 137, Validation loss: 0.01469902190006083
2026-05-08 03:02:31,245 - INFO - Epoch 138, Total: 0.014842, Pos: 0.005519, Mass: 0.010795
2026-05-08 03:02:48,481 - INFO - Epoch 138, Validation loss: 0.014646076751505114
2026-05-08 03:06:43,950 - INFO - Epoch 139, Total: 0.014767, Pos: 0.005460, Mass: 0.009492
2026-05-08 03:07:01,343 - INFO - Epoch 139, Validation loss: 0.014716701149038829
2026-05-08 03:10:56,381 - INFO - Epoch 140, Total: 0.014787, Pos: 0.005781, Mass: 0.005626
2026-05-08 03:11:13,934 - INFO - Epoch 140, Validation loss: 0.01476625670854896
2026-05-08 03:15:09,149 - INFO - Epoch 141, Total: 0.014827, Pos: 0.004934, Mass: 0.008561
2026-05-08 03:15:26,451 - INFO - Epoch 141, Validation loss: 0.014813589922799046
2026-05-08 03:19:21,420 - INFO - Epoch 142, Total: 0.014800, Pos: 0.005205, Mass: 0.009064
2026-05-08 03:19:38,663 - INFO - Epoch 142, Validation loss: 0.014749279931867832
2026-05-08 03:23:32,919 - INFO - Epoch 143, Total: 0.016025, Pos: 0.004648, Mass: 0.013920
2026-05-08 03:23:50,336 - INFO - Epoch 143, Validation loss: 0.01636455428930921
2026-05-08 03:27:46,063 - INFO - Epoch 144, Total: 0.015470, Pos: 0.005441, Mass: 0.008531
2026-05-08 03:28:03,373 - INFO - Epoch 144, Validation loss: 0.01545383697751348
2026-05-08 03:31:57,033 - INFO - Epoch 145, Total: 0.014982, Pos: 0.005892, Mass: 0.010467
2026-05-08 03:32:14,280 - INFO - Epoch 145, Validation loss: 0.014754376160633412
2026-05-08 03:36:08,653 - INFO - Epoch 146, Total: 0.014827, Pos: 0.004923, Mass: 0.008272
2026-05-08 03:36:26,118 - INFO - Epoch 146, Validation loss: 0.01468538064232804
2026-05-08 03:40:20,880 - INFO - Epoch 147, Total: 0.014811, Pos: 0.005366, Mass: 0.009032
2026-05-08 03:40:38,165 - INFO - Epoch 147, Validation loss: 0.014779319284748753
2026-05-08 03:44:33,765 - INFO - Epoch 148, Total: 0.014821, Pos: 0.005153, Mass: 0.006994
2026-05-08 03:44:50,993 - INFO - Epoch 148, Validation loss: 0.014670980548497978
2026-05-08 03:48:46,245 - INFO - Epoch 149, Total: 0.014832, Pos: 0.005795, Mass: 0.010023
2026-05-08 03:49:06,278 - INFO - Epoch 149, Validation loss: 0.014639444722380735
2026-05-08 03:53:01,811 - INFO - Epoch 150, Total: 0.014814, Pos: 0.004970, Mass: 0.007028
2026-05-08 03:53:19,021 - INFO - Epoch 150, Validation loss: 0.01468241348419726
2026-05-08 03:57:13,882 - INFO - Epoch 151, Total: 0.014794, Pos: 0.004486, Mass: 0.010840
2026-05-08 03:57:31,270 - INFO - Epoch 151, Validation loss: 0.014709853624525596
2026-05-08 04:01:25,605 - INFO - Epoch 152, Total: 0.014805, Pos: 0.005753, Mass: 0.010186
2026-05-08 04:01:43,040 - INFO - Epoch 152, Validation loss: 0.014650054242374918
2026-05-08 04:05:38,842 - INFO - Epoch 153, Total: 0.014925, Pos: 0.004618, Mass: 0.010120
2026-05-08 04:05:56,085 - INFO - Epoch 153, Validation loss: 0.01478429029116332
2026-05-08 04:09:50,657 - INFO - Epoch 154, Total: 0.014818, Pos: 0.005524, Mass: 0.008920
2026-05-08 04:10:08,410 - INFO - Epoch 154, Validation loss: 0.014723672282401543
2026-05-08 04:14:05,598 - INFO - Epoch 155, Total: 0.014810, Pos: 0.004770, Mass: 0.011094
2026-05-08 04:14:23,761 - INFO - Epoch 155, Validation loss: 0.014789095081214945
2026-05-08 04:18:18,590 - INFO - Epoch 156, Total: 0.014797, Pos: 0.006244, Mass: 0.008079
2026-05-08 04:18:35,888 - INFO - Epoch 156, Validation loss: 0.014807900233933753
2026-05-08 04:22:31,368 - INFO - Epoch 157, Total: 0.014805, Pos: 0.004586, Mass: 0.009698
2026-05-08 04:22:48,635 - INFO - Epoch 157, Validation loss: 0.014682163577329075
2026-05-08 04:26:43,123 - INFO - Epoch 158, Total: 0.014821, Pos: 0.004317, Mass: 0.008393
2026-05-08 04:27:00,588 - INFO - Epoch 158, Validation loss: 0.01480273700926271
2026-05-08 04:30:54,870 - INFO - Epoch 159, Total: 0.014917, Pos: 0.005430, Mass: 0.006074
2026-05-08 04:31:12,244 - INFO - Epoch 159, Validation loss: 0.014886146472596945
2026-05-08 04:35:06,269 - INFO - Epoch 160, Total: 0.014824, Pos: 0.005502, Mass: 0.011142
2026-05-08 04:35:23,480 - INFO - Epoch 160, Validation loss: 0.014712288916395729
2026-05-08 04:39:18,144 - INFO - Epoch 161, Total: 0.014826, Pos: 0.005213, Mass: 0.009432
2026-05-08 04:39:35,536 - INFO - Epoch 161, Validation loss: 0.014720939882811467
2026-05-08 04:43:30,411 - INFO - Epoch 162, Total: 0.015103, Pos: 0.004958, Mass: 0.008300
2026-05-08 04:43:47,671 - INFO - Epoch 162, Validation loss: 0.01472237550766225
2026-05-08 04:47:42,457 - INFO - Epoch 163, Total: 0.014789, Pos: 0.006540, Mass: 0.010401
2026-05-08 04:48:06,517 - INFO - Epoch 163, Validation loss: 0.01470966753401574
2026-05-08 04:52:01,443 - INFO - Epoch 164, Total: 0.014737, Pos: 0.004916, Mass: 0.010354
2026-05-08 04:52:18,891 - INFO - Epoch 164, Validation loss: 0.014698775390246112
2026-05-08 04:56:13,395 - INFO - Epoch 165, Total: 0.014762, Pos: 0.005974, Mass: 0.009011
2026-05-08 04:56:30,745 - INFO - Epoch 165, Validation loss: 0.014714083270488145
2026-05-08 05:00:25,438 - INFO - Epoch 166, Total: 0.014779, Pos: 0.004699, Mass: 0.009444
2026-05-08 05:00:42,680 - INFO - Epoch 166, Validation loss: 0.015080283425605981
2026-05-08 05:04:38,690 - INFO - Epoch 167, Total: 0.014779, Pos: 0.004457, Mass: 0.009447
2026-05-08 05:04:56,082 - INFO - Epoch 167, Validation loss: 0.014694744982062632
2026-05-08 05:08:50,950 - INFO - Epoch 168, Total: 0.014817, Pos: 0.005308, Mass: 0.009111
2026-05-08 05:09:08,199 - INFO - Epoch 168, Validation loss: 0.014754488174417976
2026-05-08 05:13:02,633 - INFO - Epoch 169, Total: 0.014786, Pos: 0.005409, Mass: 0.009906
2026-05-08 05:13:19,791 - INFO - Epoch 169, Validation loss: 0.01468960830700562
2026-05-08 05:17:15,103 - INFO - Epoch 170, Total: 0.014784, Pos: 0.005080, Mass: 0.010126
2026-05-08 05:17:33,696 - INFO - Epoch 170, Validation loss: 0.014801315680510047
2026-05-08 05:21:29,255 - INFO - Epoch 171, Total: 0.014746, Pos: 0.005442, Mass: 0.008607
2026-05-08 05:21:46,480 - INFO - Epoch 171, Validation loss: 0.01462496804259322
[2026-05-08T05:22:04.091] error: *** JOB 22566788 ON gcn23 CANCELLED AT 2026-05-08T05:22:04 DUE TO TIME LIMIT ***
