2026-05-08 14:05:53,538 - INFO - Output_dir: /gpfs/home4/bartb/T256/T256-SUBBOX/results/run_20260507_172203/qualitative_2pcf/20260508_140553
2026-05-08 14:05:53,539 - INFO - Final training configuration:
{'data': {'cosm_param': None,
          'cosmologies_dir': '../Data/subboxes/',
          'cosmologies_info_dir': '../Data/subboxes/',
          'dataset': 'subset_5000',
          'rotations': False,
          'translations': False},
 'inference': {'T': 200,
               'batch_size': 200,
               'checkpoint_path': '/gpfs/home4/bartb/T256/T256-SUBBOX/results/run_20260507_172203/model_epoch_100.pth',
               'infer_type': 'qualitative_2pcf',
               'inference_halo_count': 256,
               'n_repeats': 20},
 'logging': {'epoch_log_interval': 1,
             'level': 'INFO',
             'model_save_interval': 100},
 'model': {'egnn': {'activation': 'silu',
                    'aggregation_fn': 'sum',
                    'attention': True,
                    'coords_weight': 1.0,
                    'hidden_nf': 128,
                    'input_node_d': 2,
                    'input_theta_d': 5,
                    'latent_nf': 64,
                    'mlp_layers': 2,
                    'n_layers': 4,
                    'norm': 'layer',
                    'norm_diff': False,
                    'recurrent': True,
                    'scale_pred': True,
                    'single_layer': True,
                    'theta_nf': 64,
                    'theta_param_embd_dim': 32},
           'fm': {'k': 32,
                  'lambda_reg': 0.1,
                  'optimal_transport': True,
                  'prior': 'uniform',
                  'r': 0.3,
                  'sigma_0': 0.0,
                  'sigma_sched': False,
                  't_embed': 'sinusoidal',
                  't_embed_dim': 64,
                  'version': 'icfm'}},
 'output': {'base_path': './results/'},
 'training': {'batch_size': 4,
              'batch_size_valid': 4,
              'checkpoint_path': None,
              'clip_value': None,
              'early_stopping': {'min_delta': 0.0001, 'patience': 9999},
              'epochs': 10000,
              'optimizer': {'weight_decay': 0},
              'scheduler': {'factor': 0.5,
                            'initial_lr': '1e-3',
                            'min_lr': 1e-08,
                            'patience': 50,
                            'target_lr': '1e-5',
                            'threshold': 0.0001,
                            'type': 'cosine',
                            'warmup_epochs': 0},
              'start_from_scratch': True},
 'wandb': {'log_freq': 50,
           'project_name': 'T256-SUBBOX',
           'run_name': 'egnn_mass'}}
2026-05-08 14:05:53,539 - INFO - Inference on run: /gpfs/home4/bartb/T256/T256-SUBBOX/results/run_20260507_172203/model_epoch_100.pth
2026-05-08 14:05:53,540 - INFO - Inference on icfm model
2026-05-08 14:05:53,540 - INFO - Inference for qualitative_2pcf evaluation
/gpfs/home4/bartb/T256/T256-SUBBOX/src/infer.py:87: FutureWarning: You are using `torch.load` with `weights_only=False` (the current default value), which uses the default pickle module implicitly. It is possible to construct malicious pickle data which will execute arbitrary code during unpickling (See https://github.com/pytorch/pytorch/blob/main/SECURITY.md#untrusted-models for more details). In a future release, the default value for `weights_only` will be flipped to `True`. This limits the functions that could be executed during unpickling. Arbitrary objects will no longer be allowed to be loaded via this mode unless they are explicitly allowlisted by the user via `torch.serialization.add_safe_globals`. We recommend you start setting `weights_only=True` for any use case where you don't have full control of the loaded file. Please open an issue on GitHub for any issues related to this experimental feature.
  checkpoint = torch.load(config["inference"]["checkpoint_path"], map_location=device)
Device:  cuda

        Initializing Flow Matching model with:
        - sigma_0: 0.0
        - sigma_sched: False
        - t_embed_dim: 64
        - version: icfm
        - batch_size: 4
        - prior: uniform
        - k: 32
        - r: 0.3
        - optimal_transport: True
        - t_embed: sinusoidal
        - dim: 3
              
Traceback (most recent call last):
  File "/gpfs/home4/bartb/T256/T256-SUBBOX/src/infer.py", line 254, in <module>
    infer(final_config, output_dir)
  File "/gpfs/home4/bartb/T256/T256-SUBBOX/src/infer.py", line 169, in infer
    device, model = initialize_inference(config)
                    ^^^^^^^^^^^^^^^^^^^^^^^^^^^^
  File "/gpfs/home4/bartb/T256/T256-SUBBOX/src/infer.py", line 89, in initialize_inference
    model.load_state_dict(new_state_dict)
  File "/home/bartb/venvs/boids/lib/python3.11/site-packages/torch/nn/modules/module.py", line 2584, in load_state_dict
    raise RuntimeError(
RuntimeError: Error(s) in loading state_dict for FlowMatching:
	Missing key(s) in state_dict: "vnet.net.0.weight", "vnet.net.0.bias", "vnet.net.2.weight", "vnet.net.2.bias", "vnet.net.4.weight", "vnet.net.4.bias". 
	Unexpected key(s) in state_dict: "vnet.h_embed.layer.weight", "vnet.h_embed.layer.bias", "vnet.global_attr_projection.weight", "vnet.global_attr_projection.bias", "vnet.mass_readout.mlp.0.weight", "vnet.mass_readout.mlp.0.bias", "vnet.mass_readout.mlp.2.weight", "vnet.mass_readout.mlp.2.bias", "vnet.mass_readout.mlp.4.weight", "vnet.mass_readout.mlp.4.bias", "vnet.layers.0.edge_mlp.mlp.0.weight", "vnet.layers.0.edge_mlp.mlp.0.bias", "vnet.layers.0.edge_mlp.mlp.2.weight", "vnet.layers.0.edge_mlp.mlp.2.bias", "vnet.layers.0.edge_mlp.mlp.4.weight", "vnet.layers.0.edge_mlp.mlp.4.bias", "vnet.layers.0.node_mlp.mlp.0.weight", "vnet.layers.0.node_mlp.mlp.0.bias", "vnet.layers.0.node_mlp.mlp.2.weight", "vnet.layers.0.node_mlp.mlp.2.bias", "vnet.layers.0.node_mlp.mlp.4.weight", "vnet.layers.0.node_mlp.mlp.4.bias", "vnet.layers.0.node_norm.weight", "vnet.layers.0.node_norm.bias", "vnet.layers.0.coord_mlp.0.weight", "vnet.layers.0.coord_mlp.0.bias", "vnet.layers.0.coord_mlp.2.weight", "vnet.layers.0.attn_mlp.0.weight", "vnet.layers.0.attn_mlp.0.bias", "vnet.layers.0.attn_mlp.2.weight", "vnet.layers.0.attn_mlp.2.bias", "vnet.layers.1.edge_mlp.mlp.0.weight", "vnet.layers.1.edge_mlp.mlp.0.bias", "vnet.layers.1.edge_mlp.mlp.2.weight", "vnet.layers.1.edge_mlp.mlp.2.bias", "vnet.layers.1.edge_mlp.mlp.4.weight", "vnet.layers.1.edge_mlp.mlp.4.bias", "vnet.layers.1.node_mlp.mlp.0.weight", "vnet.layers.1.node_mlp.mlp.0.bias", "vnet.layers.1.node_mlp.mlp.2.weight", "vnet.layers.1.node_mlp.mlp.2.bias", "vnet.layers.1.node_mlp.mlp.4.weight", "vnet.layers.1.node_mlp.mlp.4.bias", "vnet.layers.1.node_norm.weight", "vnet.layers.1.node_norm.bias", "vnet.layers.1.coord_mlp.0.weight", "vnet.layers.1.coord_mlp.0.bias", "vnet.layers.1.coord_mlp.2.weight", "vnet.layers.1.attn_mlp.0.weight", "vnet.layers.1.attn_mlp.0.bias", "vnet.layers.1.attn_mlp.2.weight", "vnet.layers.1.attn_mlp.2.bias", "vnet.layers.2.edge_mlp.mlp.0.weight", "vnet.layers.2.edge_mlp.mlp.0.bias", "vnet.layers.2.edge_mlp.mlp.2.weight", "vnet.layers.2.edge_mlp.mlp.2.bias", "vnet.layers.2.edge_mlp.mlp.4.weight", "vnet.layers.2.edge_mlp.mlp.4.bias", "vnet.layers.2.node_mlp.mlp.0.weight", "vnet.layers.2.node_mlp.mlp.0.bias", "vnet.layers.2.node_mlp.mlp.2.weight", "vnet.layers.2.node_mlp.mlp.2.bias", "vnet.layers.2.node_mlp.mlp.4.weight", "vnet.layers.2.node_mlp.mlp.4.bias", "vnet.layers.2.node_norm.weight", "vnet.layers.2.node_norm.bias", "vnet.layers.2.coord_mlp.0.weight", "vnet.layers.2.coord_mlp.0.bias", "vnet.layers.2.coord_mlp.2.weight", "vnet.layers.2.attn_mlp.0.weight", "vnet.layers.2.attn_mlp.0.bias", "vnet.layers.2.attn_mlp.2.weight", "vnet.layers.2.attn_mlp.2.bias", "vnet.layers.3.edge_mlp.mlp.0.weight", "vnet.layers.3.edge_mlp.mlp.0.bias", "vnet.layers.3.edge_mlp.mlp.2.weight", "vnet.layers.3.edge_mlp.mlp.2.bias", "vnet.layers.3.edge_mlp.mlp.4.weight", "vnet.layers.3.edge_mlp.mlp.4.bias", "vnet.layers.3.node_mlp.mlp.0.weight", "vnet.layers.3.node_mlp.mlp.0.bias", "vnet.layers.3.node_mlp.mlp.2.weight", "vnet.layers.3.node_mlp.mlp.2.bias", "vnet.layers.3.node_mlp.mlp.4.weight", "vnet.layers.3.node_mlp.mlp.4.bias", "vnet.layers.3.node_norm.weight", "vnet.layers.3.node_norm.bias", "vnet.layers.3.coord_mlp.0.weight", "vnet.layers.3.coord_mlp.0.bias", "vnet.layers.3.coord_mlp.2.weight", "vnet.layers.3.attn_mlp.0.weight", "vnet.layers.3.attn_mlp.0.bias", "vnet.layers.3.attn_mlp.2.weight", "vnet.layers.3.attn_mlp.2.bias", "vnet.theta_predictor.weight", "vnet.theta_predictor.bias". 
