+ export MPLCONFIGDIR=/scratch-local/bartb.22745317/matplotlib
+ MPLCONFIGDIR=/scratch-local/bartb.22745317/matplotlib
+ export XDG_CACHE_HOME=/scratch-local/bartb.22745317/.cache
+ XDG_CACHE_HOME=/scratch-local/bartb.22745317/.cache
+ mkdir -p /scratch-local/bartb.22745317/matplotlib /scratch-local/bartb.22745317/.cache
+ export TORCH_DISTRIBUTED_DEBUG=DETAIL
+ TORCH_DISTRIBUTED_DEBUG=DETAIL
+ module load 2023
+ '[' -z '' ']'
+ case "$-" in
+ __lmod_sh_dbg=x
+ '[' -n x ']'
+ set +x
Shell debugging temporarily silenced: export LMOD_SH_DBG_ON=1 for Lmod's output
Shell debugging restarted
+ unset __lmod_sh_dbg
+ return 0
+ source /gpfs/home4/bartb/venvs/boids/bin/activate
++ deactivate nondestructive
++ '[' -n '' ']'
++ '[' -n '' ']'
++ '[' -n /bin/bash -o -n '' ']'
++ hash -r
++ '[' -n '' ']'
++ unset VIRTUAL_ENV
++ unset VIRTUAL_ENV_PROMPT
++ '[' '!' nondestructive = nondestructive ']'
++ VIRTUAL_ENV=/home/bartb/venvs/boids
++ export VIRTUAL_ENV
++ _OLD_VIRTUAL_PATH=/home/bartb/.local/bin:/home/bartb/bin:/usr/hpc/bin:/opt/neovim/current/bin:/opt/ear/current/bin:/usr/local/bin:/usr/bin:/usr/local/sbin:/usr/sbin:/opt/mellanox/doca/tools/
++ PATH=/home/bartb/venvs/boids/bin:/home/bartb/.local/bin:/home/bartb/bin:/usr/hpc/bin:/opt/neovim/current/bin:/opt/ear/current/bin:/usr/local/bin:/usr/bin:/usr/local/sbin:/usr/sbin:/opt/mellanox/doca/tools/
++ export PATH
++ '[' -n '' ']'
++ '[' -z '' ']'
++ _OLD_VIRTUAL_PS1=
++ PS1='(boids) '
++ export PS1
++ VIRTUAL_ENV_PROMPT='(boids) '
++ export VIRTUAL_ENV_PROMPT
++ '[' -n /bin/bash -o -n '' ']'
++ hash -r
+ torchrun --standalone --nproc_per_node=4 src/train_ddp.py --config Configs/overfit_configs.yaml --log_wandb
W0514 11:25:39.745000 647538 /gpfs/home4/bartb/venvs/boids/lib/python3.11/site-packages/torch/distributed/run.py:793] 
W0514 11:25:39.745000 647538 /gpfs/home4/bartb/venvs/boids/lib/python3.11/site-packages/torch/distributed/run.py:793] *****************************************
W0514 11:25:39.745000 647538 /gpfs/home4/bartb/venvs/boids/lib/python3.11/site-packages/torch/distributed/run.py:793] Setting OMP_NUM_THREADS environment variable for each process to be 1 in default, to avoid your system being overloaded, please further tune the variable for optimal performance in your application as needed. 
W0514 11:25:39.745000 647538 /gpfs/home4/bartb/venvs/boids/lib/python3.11/site-packages/torch/distributed/run.py:793] *****************************************
Group initialized? True
host: gcn93.local.snellius.surf.nl, rank: 0, local_rank: 0
2026-05-14 11:25:59,689 - INFO - Output_dir: ./results/run_20260514_112551
2026-05-14 11:25:59,690 - INFO - Final training configuration:
{'config': 'Configs/overfit_configs.yaml',
 'data': {'cosm_param': None,
          'cosmologies_dir': '../Data/subboxes/',
          'cosmologies_info_dir': '../Data/subboxes/',
          'dataset': 'subset_5000',
          'rotations': False,
          'translations': False},
 'log_wandb': True,
 'logging': {'epoch_log_interval': 1,
             'level': 'INFO',
             'model_save_interval': 100},
 'model': {'egnn': {'activation': 'silu',
                    'aggregation_fn': 'sum',
                    'attention': True,
                    'coords_weight': 1.0,
                    'hidden_nf': 128,
                    'input_node_d': 2,
                    'input_theta_d': 5,
                    'latent_nf': 64,
                    'mlp_layers': 2,
                    'n_layers': 4,
                    'norm': 'layer',
                    'norm_diff': False,
                    'recurrent': True,
                    'scale_pred': True,
                    'single_layer': True,
                    'theta_nf': 64,
                    'theta_param_embd_dim': 32},
           'fm': {'k': 32,
                  'lambda_reg': 0.1,
                  'optimal_transport': True,
                  'prior': 'uniform',
                  'r': 0.3,
                  'sigma_0': 0.0,
                  'sigma_sched': False,
                  't_embed': 'sinusoidal',
                  't_embed_dim': 64,
                  'version': 'icfm'}},
 'output': {'base_path': './results/'},
 'training': {'batch_size': 16,
              'batch_size_valid': 16,
              'checkpoint_path': None,
              'clip_value': 1.0,
              'early_stopping': {'min_delta': 0.0001, 'patience': 9999},
              'epochs': 10000,
              'optimizer': {'weight_decay': 0},
              'scheduler': {'factor': 0.5,
                            'initial_lr': '1e-3',
                            'min_lr': 1e-08,
                            'patience': 50,
                            'target_lr': '1e-5',
                            'threshold': 0.0001,
                            'type': 'cosine',
                            'warmup_epochs': 10},
              'start_from_scratch': True},
 'wandb': {'log_freq': 50,
           'project_name': 'T256-SUBBOX',
           'run_name': 'egnn_mass_mean'}}
host: gcn93.local.snellius.surf.nl, rank: 2, local_rank: 2
host: gcn93.local.snellius.surf.nl, rank: 1, local_rank: 1
host: gcn93.local.snellius.surf.nl, rank: 3, local_rank: 3
/home/bartb/venvs/boids/lib/python3.11/site-packages/torch/utils/data/dataloader.py:617: UserWarning: This DataLoader will create 64 worker processes in total. Our suggested max number of worker in current system is 16, which is smaller than what this DataLoader is going to create. Please be aware that excessive worker creation might get DataLoader running slow or even freeze, lower the worker number to avoid potential slowness/freeze if necessary.
  warnings.warn(
/home/bartb/venvs/boids/lib/python3.11/site-packages/torch/utils/data/dataloader.py:617: UserWarning: This DataLoader will create 64 worker processes in total. Our suggested max number of worker in current system is 16, which is smaller than what this DataLoader is going to create. Please be aware that excessive worker creation might get DataLoader running slow or even freeze, lower the worker number to avoid potential slowness/freeze if necessary.
  warnings.warn(
/home/bartb/venvs/boids/lib/python3.11/site-packages/torch/utils/data/dataloader.py:617: UserWarning: This DataLoader will create 64 worker processes in total. Our suggested max number of worker in current system is 16, which is smaller than what this DataLoader is going to create. Please be aware that excessive worker creation might get DataLoader running slow or even freeze, lower the worker number to avoid potential slowness/freeze if necessary.
  warnings.warn(
[rank2]: Traceback (most recent call last):
[rank2]:   File "/gpfs/home4/bartb/FlowEGNN/T256/src/train_ddp.py", line 399, in <module>
[rank2]:     main()
[rank2]:   File "/gpfs/home4/bartb/FlowEGNN/T256/src/train_ddp.py", line 396, in main
[rank2]:     train_model(final_config, output_dir, rank, local_rank)
[rank2]:   File "/gpfs/home4/bartb/FlowEGNN/T256/src/train_ddp.py", line 279, in train_model
[rank2]:     train_dl, valid_dl, train_sampler, ddp_model, optimizer, decay_scheduler, start_epoch = initialize_training(config, rank, local_rank)
[rank2]:                                                                                             ^^^^^^^^^^^^^^^^^^^^^^^^^^^^^^^^^^^^^^^^^^^^^
[rank2]:   File "/gpfs/home4/bartb/FlowEGNN/T256/src/train_ddp.py", line 116, in initialize_training
[rank2]:     lambda_mass = config["model"]["fm"]["lambda_mass"],
[rank2]:                   ~~~~~~~~~~~~~~~~~~~~~^^^^^^^^^^^^^^^
[rank2]: KeyError: 'lambda_mass'
[rank3]: Traceback (most recent call last):
[rank3]:   File "/gpfs/home4/bartb/FlowEGNN/T256/src/train_ddp.py", line 399, in <module>
[rank3]:     main()
[rank3]:   File "/gpfs/home4/bartb/FlowEGNN/T256/src/train_ddp.py", line 396, in main
[rank3]:     train_model(final_config, output_dir, rank, local_rank)
[rank3]:   File "/gpfs/home4/bartb/FlowEGNN/T256/src/train_ddp.py", line 279, in train_model
[rank3]:     train_dl, valid_dl, train_sampler, ddp_model, optimizer, decay_scheduler, start_epoch = initialize_training(config, rank, local_rank)
[rank3]:                                                                                             ^^^^^^^^^^^^^^^^^^^^^^^^^^^^^^^^^^^^^^^^^^^^^
[rank3]:   File "/gpfs/home4/bartb/FlowEGNN/T256/src/train_ddp.py", line 116, in initialize_training
[rank3]:     lambda_mass = config["model"]["fm"]["lambda_mass"],
[rank3]:                   ~~~~~~~~~~~~~~~~~~~~~^^^^^^^^^^^^^^^
[rank3]: KeyError: 'lambda_mass'
[rank1]: Traceback (most recent call last):
[rank1]:   File "/gpfs/home4/bartb/FlowEGNN/T256/src/train_ddp.py", line 399, in <module>
[rank1]:     main()
[rank1]:   File "/gpfs/home4/bartb/FlowEGNN/T256/src/train_ddp.py", line 396, in main
[rank1]:     train_model(final_config, output_dir, rank, local_rank)
[rank1]:   File "/gpfs/home4/bartb/FlowEGNN/T256/src/train_ddp.py", line 279, in train_model
[rank1]:     train_dl, valid_dl, train_sampler, ddp_model, optimizer, decay_scheduler, start_epoch = initialize_training(config, rank, local_rank)
[rank1]:                                                                                             ^^^^^^^^^^^^^^^^^^^^^^^^^^^^^^^^^^^^^^^^^^^^^
[rank1]:   File "/gpfs/home4/bartb/FlowEGNN/T256/src/train_ddp.py", line 116, in initialize_training
[rank1]:     lambda_mass = config["model"]["fm"]["lambda_mass"],
[rank1]:                   ~~~~~~~~~~~~~~~~~~~~~^^^^^^^^^^^^^^^
[rank1]: KeyError: 'lambda_mass'
wandb: Currently logged in as: bart-bronsgeest (bart-bronsgeest-eindhoven-university-of-technology) to https://api.wandb.ai. Use `wandb login --relogin` to force relogin
W0514 11:26:01.044000 647538 /gpfs/home4/bartb/venvs/boids/lib/python3.11/site-packages/torch/distributed/elastic/multiprocessing/api.py:897] Sending process 647556 closing signal SIGTERM
W0514 11:26:01.046000 647538 /gpfs/home4/bartb/venvs/boids/lib/python3.11/site-packages/torch/distributed/elastic/multiprocessing/api.py:897] Sending process 647558 closing signal SIGTERM
W0514 11:26:01.046000 647538 /gpfs/home4/bartb/venvs/boids/lib/python3.11/site-packages/torch/distributed/elastic/multiprocessing/api.py:897] Sending process 647559 closing signal SIGTERM
E0514 11:26:01.424000 647538 /gpfs/home4/bartb/venvs/boids/lib/python3.11/site-packages/torch/distributed/elastic/multiprocessing/api.py:869] failed (exitcode: 1) local_rank: 1 (pid: 647557) of binary: /home/bartb/venvs/boids/bin/python
Traceback (most recent call last):
  File "/home/bartb/venvs/boids/bin/torchrun", line 7, in <module>
    sys.exit(main())
             ^^^^^^
  File "/home/bartb/venvs/boids/lib/python3.11/site-packages/torch/distributed/elastic/multiprocessing/errors/__init__.py", line 355, in wrapper
    return f(*args, **kwargs)
           ^^^^^^^^^^^^^^^^^^
  File "/home/bartb/venvs/boids/lib/python3.11/site-packages/torch/distributed/run.py", line 919, in main
    run(args)
  File "/home/bartb/venvs/boids/lib/python3.11/site-packages/torch/distributed/run.py", line 910, in run
    elastic_launch(
  File "/home/bartb/venvs/boids/lib/python3.11/site-packages/torch/distributed/launcher/api.py", line 138, in __call__
    return launch_agent(self._config, self._entrypoint, list(args))
           ^^^^^^^^^^^^^^^^^^^^^^^^^^^^^^^^^^^^^^^^^^^^^^^^^^^^^^^^
  File "/home/bartb/venvs/boids/lib/python3.11/site-packages/torch/distributed/launcher/api.py", line 269, in launch_agent
    raise ChildFailedError(
torch.distributed.elastic.multiprocessing.errors.ChildFailedError: 
============================================================
src/train_ddp.py FAILED
------------------------------------------------------------
Failures:
  <NO_OTHER_FAILURES>
------------------------------------------------------------
Root Cause (first observed failure):
[0]:
  time      : 2026-05-14_11:26:01
  host      : gcn93.local.snellius.surf.nl
  rank      : 1 (local_rank: 1)
  exitcode  : 1 (pid: 647557)
  error_file: <N/A>
  traceback : To enable traceback see: https://pytorch.org/docs/stable/elastic/errors.html
============================================================
