+ export MPLCONFIGDIR=/scratch-local/bartb.22536375/matplotlib
+ MPLCONFIGDIR=/scratch-local/bartb.22536375/matplotlib
+ export XDG_CACHE_HOME=/scratch-local/bartb.22536375/.cache
+ XDG_CACHE_HOME=/scratch-local/bartb.22536375/.cache
+ mkdir -p /scratch-local/bartb.22536375/matplotlib /scratch-local/bartb.22536375/.cache
+ export TORCH_DISTRIBUTED_DEBUG=DETAIL
+ TORCH_DISTRIBUTED_DEBUG=DETAIL
+ export WANDB_HTTP_TIMEOUT=60
+ WANDB_HTTP_TIMEOUT=60
+ module load 2023
+ '[' -z '' ']'
+ case "$-" in
+ __lmod_sh_dbg=x
+ '[' -n x ']'
+ set +x
Shell debugging temporarily silenced: export LMOD_SH_DBG_ON=1 for Lmod's output
Shell debugging restarted
+ unset __lmod_sh_dbg
+ return 0
+ source /gpfs/home4/bartb/venvs/boids/bin/activate
++ deactivate nondestructive
++ '[' -n '' ']'
++ '[' -n '' ']'
++ '[' -n /bin/bash -o -n '' ']'
++ hash -r
++ '[' -n '' ']'
++ unset VIRTUAL_ENV
++ unset VIRTUAL_ENV_PROMPT
++ '[' '!' nondestructive = nondestructive ']'
++ VIRTUAL_ENV=/home/bartb/venvs/boids
++ export VIRTUAL_ENV
++ _OLD_VIRTUAL_PATH=/home/bartb/.local/bin:/home/bartb/bin:/usr/hpc/bin:/opt/neovim/current/bin:/opt/ear/current/bin:/usr/local/bin:/usr/bin:/usr/local/sbin:/usr/sbin:/opt/mellanox/doca/tools/
++ PATH=/home/bartb/venvs/boids/bin:/home/bartb/.local/bin:/home/bartb/bin:/usr/hpc/bin:/opt/neovim/current/bin:/opt/ear/current/bin:/usr/local/bin:/usr/bin:/usr/local/sbin:/usr/sbin:/opt/mellanox/doca/tools/
++ export PATH
++ '[' -n '' ']'
++ '[' -z '' ']'
++ _OLD_VIRTUAL_PS1=
++ PS1='(boids) '
++ export PS1
++ VIRTUAL_ENV_PROMPT='(boids) '
++ export VIRTUAL_ENV_PROMPT
++ '[' -n /bin/bash -o -n '' ']'
++ hash -r
+ torchrun --standalone --nproc_per_node=1 src/train_ddp.py --config Configs/overfit_configs.yaml
Group initialized? True
host: gcn30.local.snellius.surf.nl, rank: 0, local_rank: 0
2026-05-07 11:38:07,272 - INFO - Output_dir: ./results/run_20260507_113806
2026-05-07 11:38:07,273 - INFO - Final training configuration:
{'config': 'Configs/overfit_configs.yaml',
 'data': {'cosm_param': None,
          'cosmologies_dir': '../Data/',
          'cosmologies_info_dir': '../Data/',
          'dataset': 'subset_5000',
          'rotations': False,
          'translations': False},
 'log_wandb': False,
 'logging': {'epoch_log_interval': 1,
             'level': 'INFO',
             'model_save_interval': 100},
 'model': {'egnn': {'activation': 'silu',
                    'aggregation_fn': 'sum',
                    'attention': True,
                    'coords_weight': 1.0,
                    'hidden_nf': 128,
                    'input_node_d': 1,
                    'input_theta_d': 5,
                    'latent_nf': 64,
                    'mlp_layers': 2,
                    'n_layers': 4,
                    'norm': 'layer',
                    'norm_diff': False,
                    'recurrent': True,
                    'scale_pred': True,
                    'single_layer': True,
                    'theta_nf': 64,
                    'theta_param_embd_dim': 32},
           'fm': {'k': 32,
                  'lambda_reg': 0.1,
                  'n_halos': 235,
                  'optimal_transport': True,
                  'prior': 'uniform',
                  'sigma_0': 0.0,
                  'sigma_sched': False,
                  't_embed': 'sinusoidal',
                  't_embed_dim': 64,
                  'version': 'icfm'}},
 'output': {'base_path': './results/'},
 'training': {'batch_size': 1,
              'batch_size_valid': 1,
              'checkpoint_path': None,
              'clip_value': None,
              'early_stopping': {'min_delta': 0.0001, 'patience': 9999},
              'epochs': 10000,
              'optimizer': {'weight_decay': 0},
              'scheduler': {'factor': 0.5,
                            'initial_lr': '1e-3',
                            'min_lr': 1e-08,
                            'patience': 50,
                            'target_lr': '1e-5',
                            'threshold': 0.0001,
                            'type': 'cosine',
                            'warmup_epochs': 0},
              'start_from_scratch': True},
 'wandb': {'log_freq': 50,
           'project_name': 'T256-OVF',
           'run_name': 'mlp_baseline'}}
/gpfs/home4/bartb/T256/T256-SUBBOX/src/train_ddp.py:89: FutureWarning: You are using `torch.load` with `weights_only=False` (the current default value), which uses the default pickle module implicitly. It is possible to construct malicious pickle data which will execute arbitrary code during unpickling (See https://github.com/pytorch/pytorch/blob/main/SECURITY.md#untrusted-models for more details). In a future release, the default value for `weights_only` will be flipped to `True`. This limits the functions that could be executed during unpickling. Arbitrary objects will no longer be allowed to be loaded via this mode unless they are explicitly allowlisted by the user via `torch.serialization.add_safe_globals`. We recommend you start setting `weights_only=True` for any use case where you don't have full control of the loaded file. Please open an issue on GitHub for any issues related to this experimental feature.
  sample_dict = torch.load("../Data/subboxes/fixed_sample_subbox.pt", map_location="cpu")
/home/bartb/venvs/boids/lib/python3.11/site-packages/torch/utils/data/dataloader.py:617: UserWarning: This DataLoader will create 72 worker processes in total. Our suggested max number of worker in current system is 18, which is smaller than what this DataLoader is going to create. Please be aware that excessive worker creation might get DataLoader running slow or even freeze, lower the worker number to avoid potential slowness/freeze if necessary.
  warnings.warn(

        Initializing Flow Matching model with:
        - sigma_0: 0.0
        - sigma_sched: False
        - t_embed_dim: 64
        - version: icfm
        - batch_size: 1
        - prior: uniform
        - k: 32
        - optimal_transport: True
        - t_embed: sinusoidal
        - n_halos: 235
        - dim: 3
              
2026-05-07 11:38:07,742 - INFO - Number of trainable parameters: 696036
2026-05-07 11:38:07,742 - INFO - Model architecture: DistributedDataParallel(
  (module): FlowMatching(
    (vnet): EGNN(
      (h_embed): MLP(
        (layer): Linear(in_features=1, out_features=64, bias=True)
      )
      (theta_embed): SinusoidalThetaEmbedding()
      (global_attr_projection): Linear(in_features=224, out_features=64, bias=True)
      (vel_mlp): MLP(
        (mlp): Sequential(
          (0): Linear(in_features=64, out_features=235, bias=True)
          (1): SiLU()
          (2): Linear(in_features=235, out_features=235, bias=True)
          (3): SiLU()
          (4): Linear(in_features=235, out_features=235, bias=True)
          (5): SiLU()
          (6): Linear(in_features=235, out_features=235, bias=True)
          (7): SiLU()
          (8): Linear(in_features=235, out_features=3, bias=True)
        )
      )
      (layers): ModuleList(
        (0-3): 4 x EGCL(
          (activation): SiLU()
          (edge_mlp): MLP(
            (mlp): Sequential(
              (0): Linear(in_features=196, out_features=128, bias=True)
              (1): SiLU()
              (2): Linear(in_features=128, out_features=128, bias=True)
              (3): SiLU()
              (4): Linear(in_features=128, out_features=64, bias=True)
            )
          )
          (node_mlp): MLP(
            (mlp): Sequential(
              (0): Linear(in_features=192, out_features=128, bias=True)
              (1): SiLU()
              (2): Linear(in_features=128, out_features=128, bias=True)
              (3): SiLU()
              (4): Linear(in_features=128, out_features=64, bias=True)
            )
          )
          (node_norm): LayerNorm((64,), eps=1e-05, elementwise_affine=True)
          (coord_mlp): Sequential(
            (0): Linear(in_features=128, out_features=128, bias=True)
            (1): SiLU()
            (2): Linear(in_features=128, out_features=1, bias=False)
          )
          (attn_mlp): Sequential(
            (0): Linear(in_features=64, out_features=128, bias=True)
            (1): SiLU()
            (2): Linear(in_features=128, out_features=1, bias=True)
          )
        )
      )
      (theta_predictor): Linear(in_features=64, out_features=5, bias=True)
    )
    (time_mlp): Linear(in_features=1, out_features=64, bias=True)
    (sinusoidal_time_embedding): SinusoidalTimeEmbedding()
  )
)
2026-05-07 11:38:07,745 - INFO - Started training
graph diameter: 4
graph diameter: 4
graph diameter: 3
graph diameter: 3
graph diameter: 4
graph diameter: 4
graph diameter: 3
graph diameter: 4
graph diameter: 3
graph diameter: 4
graph diameter: 4
graph diameter: 3
graph diameter: 4
graph diameter: 4
graph diameter: 3
graph diameter: 3
2026-05-07 11:38:13,528 - INFO - Epoch 1, Total: 0.197031
graph diameter: 4
graph diameter: 4
graph diameter: 4
graph diameter: 4
graph diameter: 4
graph diameter: 4
graph diameter: 4
graph diameter: 4
graph diameter: 4
graph diameter: 4
graph diameter: 4
graph diameter: 4
graph diameter: 4
graph diameter: 4
graph diameter: 4
graph diameter: 3
2026-05-07 11:38:16,868 - INFO - Epoch 1, Validation loss: 0.07340965745970607
graph diameter: 3
graph diameter: 4
graph diameter: 4
graph diameter: 4
graph diameter: 4
graph diameter: 3
graph diameter: 4
graph diameter: 3
graph diameter: 4
graph diameter: 4
graph diameter: 3
graph diameter: 4
graph diameter: 4
graph diameter: 4
graph diameter: 4
graph diameter: 4
2026-05-07 11:38:20,451 - INFO - Epoch 2, Total: 0.033778
graph diameter: 3
graph diameter: 3
graph diameter: 3
graph diameter: 4
graph diameter: 3
graph diameter: 4
graph diameter: 4
graph diameter: 4
graph diameter: 3
graph diameter: 4
graph diameter: 3
graph diameter: 3
graph diameter: 4
graph diameter: 4
graph diameter: 4
graph diameter: 4
2026-05-07 11:38:23,794 - INFO - Epoch 2, Validation loss: 0.009485689311986789
graph diameter: 4
graph diameter: 4
graph diameter: 3
graph diameter: 4
graph diameter: 4
graph diameter: 4
graph diameter: 3
graph diameter: 4
graph diameter: 4
graph diameter: 3
graph diameter: 4
graph diameter: 3
graph diameter: 4
graph diameter: 4
graph diameter: 3
graph diameter: 4
2026-05-07 11:38:27,346 - INFO - Epoch 3, Total: 0.015324
graph diameter: 4
graph diameter: 4
graph diameter: 3
graph diameter: 3
graph diameter: 3
graph diameter: 4
graph diameter: 4
graph diameter: 4
graph diameter: 3
graph diameter: 4
graph diameter: 4
graph diameter: 4
graph diameter: 4
graph diameter: 3
graph diameter: 4
graph diameter: 4
2026-05-07 11:38:30,704 - INFO - Epoch 3, Validation loss: 0.014553722750861198
[2026-05-07T11:38:31.955] error: *** JOB 22536375 ON gcn30 CANCELLED AT 2026-05-07T11:38:31 DUE to SIGNAL Terminated ***
graph diameter: 4
graph diameter: 4
graph diameter: 3
graph diameter: 4
